{"numFailedTestSuites":4,"numFailedTests":2,"numPassedTestSuites":8,"numPassedTests":14,"numPendingTestSuites":0,"numPendingTests":0,"numRuntimeErrorTestSuites":3,"numTodoTests":0,"numTotalTestSuites":12,"numTotalTests":16,"openHandles":[],"snapshot":{"added":0,"didUpdate":false,"failure":false,"filesAdded":0,"filesRemoved":0,"filesRemovedList":[],"filesUnmatched":0,"filesUpdated":0,"matched":0,"total":0,"unchecked":0,"uncheckedKeysByFile":[],"unmatched":0,"updated":0},"startTime":1755117894691,"success":false,"testResults":[{"assertionResults":[{"ancestorTitles":["Utils and services"],"failureMessages":[],"fullName":"Utils and services getURL normalizes scheme and trailing slash","location":null,"status":"passed","title":"getURL normalizes scheme and trailing slash"},{"ancestorTitles":["Utils and services"],"failureMessages":[],"fullName":"Utils and services generateTimeSlots returns non-empty slots within range","location":null,"status":"passed","title":"generateTimeSlots returns non-empty slots within range"}],"endTime":1755117896876,"message":"","name":"/home/kavia/workspace/code-generation/secure-support-marketplace-158356-158365/marketplace_frontend/src/__tests__/test_utils_and_services.test.jsx","startTime":1755117895853,"status":"passed","summary":""},{"assertionResults":[{"ancestorTitles":["Payments page"],"failureMessages":[],"fullName":"Payments page renders Stripe not configured fallback","location":null,"status":"passed","title":"renders Stripe not configured fallback"}],"endTime":1755117897106,"message":"","name":"/home/kavia/workspace/code-generation/secure-support-marketplace-158356-158365/marketplace_frontend/src/__tests__/test_payments.test.jsx","startTime":1755117895909,"status":"passed","summary":""},{"assertionResults":[{"ancestorTitles":["ProtectedRoute"],"failureMessages":[],"fullName":"ProtectedRoute redirects unauthenticated user to /login","location":null,"status":"passed","title":"redirects unauthenticated user to /login"},{"ancestorTitles":["ProtectedRoute"],"failureMessages":[],"fullName":"ProtectedRoute allows authenticated user","location":null,"status":"passed","title":"allows authenticated user"},{"ancestorTitles":["ProtectedRoute"],"failureMessages":[],"fullName":"ProtectedRoute redirects non-listener when requireListener=true","location":null,"status":"passed","title":"redirects non-listener when requireListener=true"},{"ancestorTitles":["ProtectedRoute"],"failureMessages":[],"fullName":"ProtectedRoute allows listener when requireListener=true","location":null,"status":"passed","title":"allows listener when requireListener=true"}],"endTime":1755117897268,"message":"","name":"/home/kavia/workspace/code-generation/secure-support-marketplace-158356-158365/marketplace_frontend/src/__tests__/test_protected_route.test.jsx","startTime":1755117895914,"status":"passed","summary":""},{"assertionResults":[{"ancestorTitles":["Marketplace and Listener Profile"],"failureMessages":[],"fullName":"Marketplace and Listener Profile renders marketplace and filters listeners","location":null,"status":"passed","title":"renders marketplace and filters listeners"},{"ancestorTitles":["Marketplace and Listener Profile"],"failureMessages":[],"fullName":"Marketplace and Listener Profile navigates to listener profile and shows booking button","location":null,"status":"passed","title":"navigates to listener profile and shows booking button"}],"endTime":1755117897327,"message":"","name":"/home/kavia/workspace/code-generation/secure-support-marketplace-158356-158365/marketplace_frontend/src/__tests__/test_marketplace_and_profile.test.jsx","startTime":1755117895898,"status":"passed","summary":""},{"assertionResults":[],"coverage":{},"endTime":1755117898335,"message":"  ● Test suite failed to run\n\n    ReferenceError: /home/kavia/workspace/code-generation/secure-support-marketplace-158356-158365/marketplace_frontend/src/__tests__/test_messaging.test.jsx: The module factory of `jest.mock()` is not allowed to reference any out-of-scope variables.\n    Invalid variable access: sendMock\n    Allowed objects: AbortController, AbortSignal, AggregateError, Array, ArrayBuffer, Atomics, BigInt, BigInt64Array, BigUint64Array, Blob, Boolean, BroadcastChannel, Buffer, ByteLengthQueuingStrategy, CompressionStream, CountQueuingStrategy, DOMException, DataView, Date, DecompressionStream, Error, EvalError, Event, EventTarget, FinalizationRegistry, Float32Array, Float64Array, FormData, Function, Generator, GeneratorFunction, Headers, Infinity, Int16Array, Int32Array, Int8Array, InternalError, Intl, JSON, Map, Math, MessageChannel, MessageEvent, MessagePort, NaN, Number, Object, Performance, Promise, Proxy, RangeError, ReadableByteStreamController, ReadableStream, ReadableStreamBYOBReader, ReadableStreamBYOBRequest, ReadableStreamDefaultController, ReadableStreamDefaultReader, ReferenceError, Reflect, RegExp, Request, Response, Set, SharedArrayBuffer, String, Symbol, SyntaxError, TextDecoder, TextDecoderStream, TextEncoder, TextEncoderStream, TransformStream, TransformStreamDefaultController, TypeError, URIError, URL, URLSearchParams, Uint16Array, Uint32Array, Uint8Array, Uint8ClampedArray, WeakMap, WeakRef, WeakSet, WebAssembly, WritableStream, WritableStreamDefaultController, WritableStreamDefaultWriter, __dirname, __filename, arguments, atob, btoa, clearImmediate, clearInterval, clearTimeout, console, decodeURI, decodeURIComponent, encodeURI, encodeURIComponent, escape, eval, expect, exports, fetch, global, globalThis, isFinite, isNaN, jest, module, parseFloat, parseInt, performance, process, queueMicrotask, require, setImmediate, setInterval, setTimeout, structuredClone, undefined, unescape.\n    Note: This is a precaution to guard against uninitialized mock variables. If it is ensured that the mock is required lazily, variable names prefixed with `mock` (case insensitive) are permitted.\n\n    \u001b[0m \u001b[90m  8 |\u001b[39m   initMessaging\u001b[33m:\u001b[39m () \u001b[33m=>\u001b[39m ({\n     \u001b[90m  9 |\u001b[39m     onMessage\u001b[33m:\u001b[39m (cb) \u001b[33m=>\u001b[39m { capturedOnMessage \u001b[33m=\u001b[39m cb\u001b[33m;\u001b[39m }\u001b[33m,\u001b[39m\n    \u001b[31m\u001b[1m>\u001b[22m\u001b[39m\u001b[90m 10 |\u001b[39m     send\u001b[33m:\u001b[39m (payload) \u001b[33m=>\u001b[39m sendMock(payload)\u001b[33m,\u001b[39m\n     \u001b[90m    |\u001b[39m                        \u001b[31m\u001b[1m^\u001b[22m\u001b[39m\u001b[31m\u001b[1m^\u001b[22m\u001b[39m\u001b[31m\u001b[1m^\u001b[22m\u001b[39m\u001b[31m\u001b[1m^\u001b[22m\u001b[39m\u001b[31m\u001b[1m^\u001b[22m\u001b[39m\u001b[31m\u001b[1m^\u001b[22m\u001b[39m\u001b[31m\u001b[1m^\u001b[22m\u001b[39m\u001b[31m\u001b[1m^\u001b[22m\u001b[39m\n     \u001b[90m 11 |\u001b[39m     close\u001b[33m:\u001b[39m () \u001b[33m=>\u001b[39m {}\u001b[33m,\u001b[39m\n     \u001b[90m 12 |\u001b[39m   })\u001b[33m,\u001b[39m\n     \u001b[90m 13 |\u001b[39m }))\u001b[33m;\u001b[39m\u001b[0m\n\n      at File.buildError [as buildCodeFrameError] (node_modules/@babel/core/src/transformation/file/file.ts:247:12)\n      at NodePath.buildCodeFrameError (node_modules/@babel/traverse/src/path/index.ts:141:21)\n      at call (node_modules/@babel/traverse/src/visitors.ts:303:14)\n      at NodePath.call [as _call] (node_modules/@babel/traverse/src/path/context.ts:36:20)\n      at NodePath.call (node_modules/@babel/traverse/src/path/context.ts:21:18)\n      at NodePath.visit (node_modules/@babel/traverse/src/path/context.ts:97:31)\n      at TraversalContext.visitQueue (node_modules/@babel/traverse/src/context.ts:148:16)\n      at TraversalContext.visitMultiple (node_modules/@babel/traverse/src/context.ts:99:17)\n      at TraversalContext.visit (node_modules/@babel/traverse/src/context.ts:178:19)\n      at traverseNode (node_modules/@babel/traverse/src/traverse-node.ts:40:17)\n      at NodePath.visit (node_modules/@babel/traverse/src/path/context.ts:104:33)\n      at TraversalContext.visitQueue (node_modules/@babel/traverse/src/context.ts:148:16)\n      at TraversalContext.visitSingle (node_modules/@babel/traverse/src/context.ts:109:19)\n      at TraversalContext.visit (node_modules/@babel/traverse/src/context.ts:180:19)\n      at traverseNode (node_modules/@babel/traverse/src/traverse-node.ts:40:17)\n      at traverse (node_modules/@babel/traverse/src/index.ts:83:15)\n      at transformFile (node_modules/@babel/core/src/transformation/index.ts:119:15)\n          at transformFile.next (<anonymous>)\n      at run (node_modules/@babel/core/src/transformation/index.ts:49:12)\n          at run.next (<anonymous>)\n      at transform (node_modules/@babel/core/src/transform.ts:29:20)\n          at transform.next (<anonymous>)\n      at evaluateSync (node_modules/gensync/index.js:251:28)\n      at fn (node_modules/gensync/index.js:89:14)\n      at stopHiding - secret - don't use this - v1 (node_modules/@babel/core/src/errors/rewrite-stack-trace.ts:99:14)\n      at transformSync (node_modules/@babel/core/src/transform.ts:66:52)\n      at ScriptTransformer.transformSource (node_modules/@jest/transform/build/ScriptTransformer.js:619:31)\n      at ScriptTransformer._transformAndBuildScript (node_modules/@jest/transform/build/ScriptTransformer.js:765:40)\n      at ScriptTransformer.transform (node_modules/@jest/transform/build/ScriptTransformer.js:822:19)\n","name":"/home/kavia/workspace/code-generation/secure-support-marketplace-158356-158365/marketplace_frontend/src/__tests__/test_messaging.test.jsx","startTime":1755117898335,"status":"failed","summary":""},{"assertionResults":[{"ancestorTitles":["Dashboards"],"failureMessages":["TypeError: Cannot destructure property 'basename' of 'React__namespace.useContext(...)' as it is null.\n    at LinkWithRef (/home/kavia/workspace/code-generation/secure-support-marketplace-158356-158365/marketplace_frontend/node_modules/react-router-dom/index.tsx:975:11)\n    at renderWithHooks (/home/kavia/workspace/code-generation/secure-support-marketplace-158356-158365/marketplace_frontend/node_modules/react-dom/cjs/react-dom.development.js:15486:18)\n    at updateForwardRef (/home/kavia/workspace/code-generation/secure-support-marketplace-158356-158365/marketplace_frontend/node_modules/react-dom/cjs/react-dom.development.js:19245:20)\n    at beginWork (/home/kavia/workspace/code-generation/secure-support-marketplace-158356-158365/marketplace_frontend/node_modules/react-dom/cjs/react-dom.development.js:21675:16)\n    at beginWork$1 (/home/kavia/workspace/code-generation/secure-support-marketplace-158356-158365/marketplace_frontend/node_modules/react-dom/cjs/react-dom.development.js:27465:14)\n    at performUnitOfWork (/home/kavia/workspace/code-generation/secure-support-marketplace-158356-158365/marketplace_frontend/node_modules/react-dom/cjs/react-dom.development.js:26599:12)\n    at workLoopSync (/home/kavia/workspace/code-generation/secure-support-marketplace-158356-158365/marketplace_frontend/node_modules/react-dom/cjs/react-dom.development.js:26505:5)\n    at renderRootSync (/home/kavia/workspace/code-generation/secure-support-marketplace-158356-158365/marketplace_frontend/node_modules/react-dom/cjs/react-dom.development.js:26473:7)\n    at recoverFromConcurrentError (/home/kavia/workspace/code-generation/secure-support-marketplace-158356-158365/marketplace_frontend/node_modules/react-dom/cjs/react-dom.development.js:25889:20)\n    at performConcurrentWorkOnRoot (/home/kavia/workspace/code-generation/secure-support-marketplace-158356-158365/marketplace_frontend/node_modules/react-dom/cjs/react-dom.development.js:25789:22)\n    at flushActQueue (/home/kavia/workspace/code-generation/secure-support-marketplace-158356-158365/marketplace_frontend/node_modules/react/cjs/react.development.js:2667:24)\n    at act (/home/kavia/workspace/code-generation/secure-support-marketplace-158356-158365/marketplace_frontend/node_modules/react/cjs/react.development.js:2582:11)\n    at /home/kavia/workspace/code-generation/secure-support-marketplace-158356-158365/marketplace_frontend/node_modules/@testing-library/react/dist/act-compat.js:47:25\n    at renderRoot (/home/kavia/workspace/code-generation/secure-support-marketplace-158356-158365/marketplace_frontend/node_modules/@testing-library/react/dist/pure.js:190:26)\n    at render (/home/kavia/workspace/code-generation/secure-support-marketplace-158356-158365/marketplace_frontend/node_modules/@testing-library/react/dist/pure.js:292:10)\n    at Object.<anonymous> (/home/kavia/workspace/code-generation/secure-support-marketplace-158356-158365/marketplace_frontend/src/__tests__/test_dashboards.test.jsx:9:11)\n    at Promise.then.completed (/home/kavia/workspace/code-generation/secure-support-marketplace-158356-158365/marketplace_frontend/node_modules/jest-circus/build/utils.js:391:28)\n    at new Promise (<anonymous>)\n    at callAsyncCircusFn (/home/kavia/workspace/code-generation/secure-support-marketplace-158356-158365/marketplace_frontend/node_modules/jest-circus/build/utils.js:316:10)\n    at _callCircusTest (/home/kavia/workspace/code-generation/secure-support-marketplace-158356-158365/marketplace_frontend/node_modules/jest-circus/build/run.js:218:40)\n    at processTicksAndRejections (node:internal/process/task_queues:95:5)\n    at _runTest (/home/kavia/workspace/code-generation/secure-support-marketplace-158356-158365/marketplace_frontend/node_modules/jest-circus/build/run.js:155:3)\n    at _runTestsForDescribeBlock (/home/kavia/workspace/code-generation/secure-support-marketplace-158356-158365/marketplace_frontend/node_modules/jest-circus/build/run.js:66:9)\n    at _runTestsForDescribeBlock (/home/kavia/workspace/code-generation/secure-support-marketplace-158356-158365/marketplace_frontend/node_modules/jest-circus/build/run.js:60:9)\n    at run (/home/kavia/workspace/code-generation/secure-support-marketplace-158356-158365/marketplace_frontend/node_modules/jest-circus/build/run.js:25:3)\n    at runAndTransformResultsToJestFormat (/home/kavia/workspace/code-generation/secure-support-marketplace-158356-158365/marketplace_frontend/node_modules/jest-circus/build/legacy-code-todo-rewrite/jestAdapterInit.js:170:21)\n    at jestAdapter (/home/kavia/workspace/code-generation/secure-support-marketplace-158356-158365/marketplace_frontend/node_modules/jest-circus/build/legacy-code-todo-rewrite/jestAdapter.js:82:19)\n    at runTestInternal (/home/kavia/workspace/code-generation/secure-support-marketplace-158356-158365/marketplace_frontend/node_modules/jest-runner/build/runTest.js:389:16)\n    at runTest (/home/kavia/workspace/code-generation/secure-support-marketplace-158356-158365/marketplace_frontend/node_modules/jest-runner/build/runTest.js:475:34)\n    at Object.worker (/home/kavia/workspace/code-generation/secure-support-marketplace-158356-158365/marketplace_frontend/node_modules/jest-runner/build/testWorker.js:133:12)"],"fullName":"Dashboards DashboardUser renders quick links","location":null,"status":"failed","title":"DashboardUser renders quick links"},{"ancestorTitles":["Dashboards"],"failureMessages":["TypeError: Cannot destructure property 'basename' of 'React__namespace.useContext(...)' as it is null.\n    at LinkWithRef (/home/kavia/workspace/code-generation/secure-support-marketplace-158356-158365/marketplace_frontend/node_modules/react-router-dom/index.tsx:975:11)\n    at renderWithHooks (/home/kavia/workspace/code-generation/secure-support-marketplace-158356-158365/marketplace_frontend/node_modules/react-dom/cjs/react-dom.development.js:15486:18)\n    at updateForwardRef (/home/kavia/workspace/code-generation/secure-support-marketplace-158356-158365/marketplace_frontend/node_modules/react-dom/cjs/react-dom.development.js:19245:20)\n    at beginWork (/home/kavia/workspace/code-generation/secure-support-marketplace-158356-158365/marketplace_frontend/node_modules/react-dom/cjs/react-dom.development.js:21675:16)\n    at beginWork$1 (/home/kavia/workspace/code-generation/secure-support-marketplace-158356-158365/marketplace_frontend/node_modules/react-dom/cjs/react-dom.development.js:27465:14)\n    at performUnitOfWork (/home/kavia/workspace/code-generation/secure-support-marketplace-158356-158365/marketplace_frontend/node_modules/react-dom/cjs/react-dom.development.js:26599:12)\n    at workLoopSync (/home/kavia/workspace/code-generation/secure-support-marketplace-158356-158365/marketplace_frontend/node_modules/react-dom/cjs/react-dom.development.js:26505:5)\n    at renderRootSync (/home/kavia/workspace/code-generation/secure-support-marketplace-158356-158365/marketplace_frontend/node_modules/react-dom/cjs/react-dom.development.js:26473:7)\n    at recoverFromConcurrentError (/home/kavia/workspace/code-generation/secure-support-marketplace-158356-158365/marketplace_frontend/node_modules/react-dom/cjs/react-dom.development.js:25889:20)\n    at performConcurrentWorkOnRoot (/home/kavia/workspace/code-generation/secure-support-marketplace-158356-158365/marketplace_frontend/node_modules/react-dom/cjs/react-dom.development.js:25789:22)\n    at flushActQueue (/home/kavia/workspace/code-generation/secure-support-marketplace-158356-158365/marketplace_frontend/node_modules/react/cjs/react.development.js:2667:24)\n    at act (/home/kavia/workspace/code-generation/secure-support-marketplace-158356-158365/marketplace_frontend/node_modules/react/cjs/react.development.js:2582:11)\n    at /home/kavia/workspace/code-generation/secure-support-marketplace-158356-158365/marketplace_frontend/node_modules/@testing-library/react/dist/act-compat.js:47:25\n    at renderRoot (/home/kavia/workspace/code-generation/secure-support-marketplace-158356-158365/marketplace_frontend/node_modules/@testing-library/react/dist/pure.js:190:26)\n    at render (/home/kavia/workspace/code-generation/secure-support-marketplace-158356-158365/marketplace_frontend/node_modules/@testing-library/react/dist/pure.js:292:10)\n    at Object.<anonymous> (/home/kavia/workspace/code-generation/secure-support-marketplace-158356-158365/marketplace_frontend/src/__tests__/test_dashboards.test.jsx:16:11)\n    at Promise.then.completed (/home/kavia/workspace/code-generation/secure-support-marketplace-158356-158365/marketplace_frontend/node_modules/jest-circus/build/utils.js:391:28)\n    at new Promise (<anonymous>)\n    at callAsyncCircusFn (/home/kavia/workspace/code-generation/secure-support-marketplace-158356-158365/marketplace_frontend/node_modules/jest-circus/build/utils.js:316:10)\n    at _callCircusTest (/home/kavia/workspace/code-generation/secure-support-marketplace-158356-158365/marketplace_frontend/node_modules/jest-circus/build/run.js:218:40)\n    at processTicksAndRejections (node:internal/process/task_queues:95:5)\n    at _runTest (/home/kavia/workspace/code-generation/secure-support-marketplace-158356-158365/marketplace_frontend/node_modules/jest-circus/build/run.js:155:3)\n    at _runTestsForDescribeBlock (/home/kavia/workspace/code-generation/secure-support-marketplace-158356-158365/marketplace_frontend/node_modules/jest-circus/build/run.js:66:9)\n    at _runTestsForDescribeBlock (/home/kavia/workspace/code-generation/secure-support-marketplace-158356-158365/marketplace_frontend/node_modules/jest-circus/build/run.js:60:9)\n    at run (/home/kavia/workspace/code-generation/secure-support-marketplace-158356-158365/marketplace_frontend/node_modules/jest-circus/build/run.js:25:3)\n    at runAndTransformResultsToJestFormat (/home/kavia/workspace/code-generation/secure-support-marketplace-158356-158365/marketplace_frontend/node_modules/jest-circus/build/legacy-code-todo-rewrite/jestAdapterInit.js:170:21)\n    at jestAdapter (/home/kavia/workspace/code-generation/secure-support-marketplace-158356-158365/marketplace_frontend/node_modules/jest-circus/build/legacy-code-todo-rewrite/jestAdapter.js:82:19)\n    at runTestInternal (/home/kavia/workspace/code-generation/secure-support-marketplace-158356-158365/marketplace_frontend/node_modules/jest-runner/build/runTest.js:389:16)\n    at runTest (/home/kavia/workspace/code-generation/secure-support-marketplace-158356-158365/marketplace_frontend/node_modules/jest-runner/build/runTest.js:475:34)\n    at Object.worker (/home/kavia/workspace/code-generation/secure-support-marketplace-158356-158365/marketplace_frontend/node_modules/jest-runner/build/testWorker.js:133:12)"],"fullName":"Dashboards DashboardListener renders quick actions","location":null,"status":"failed","title":"DashboardListener renders quick actions"}],"endTime":1755117897394,"message":"  ● Dashboards › DashboardUser renders quick links\n\n    TypeError: Cannot destructure property 'basename' of 'React__namespace.useContext(...)' as it is null.\n\n    \u001b[0m \u001b[90m  7 |\u001b[39m describe(\u001b[32m'Dashboards'\u001b[39m\u001b[33m,\u001b[39m () \u001b[33m=>\u001b[39m {\n     \u001b[90m  8 |\u001b[39m   test(\u001b[32m'DashboardUser renders quick links'\u001b[39m\u001b[33m,\u001b[39m () \u001b[33m=>\u001b[39m {\n    \u001b[31m\u001b[1m>\u001b[22m\u001b[39m\u001b[90m  9 |\u001b[39m     render(\u001b[33m<\u001b[39m\u001b[33mDashboardUser\u001b[39m \u001b[33m/\u001b[39m\u001b[33m>\u001b[39m)\u001b[33m;\u001b[39m\n     \u001b[90m    |\u001b[39m           \u001b[31m\u001b[1m^\u001b[22m\u001b[39m\n     \u001b[90m 10 |\u001b[39m     expect(screen\u001b[33m.\u001b[39mgetByText(\u001b[35m/your dashboard/i\u001b[39m))\u001b[33m.\u001b[39mtoBeInTheDocument()\u001b[33m;\u001b[39m\n     \u001b[90m 11 |\u001b[39m     expect(screen\u001b[33m.\u001b[39mgetByText(\u001b[35m/book now/i\u001b[39m))\u001b[33m.\u001b[39mtoBeInTheDocument()\u001b[33m;\u001b[39m\n     \u001b[90m 12 |\u001b[39m     expect(screen\u001b[33m.\u001b[39mgetByText(\u001b[35m/open messages/i\u001b[39m))\u001b[33m.\u001b[39mtoBeInTheDocument()\u001b[33m;\u001b[39m\u001b[0m\n\n      at LinkWithRef (node_modules/react-router-dom/index.tsx:975:11)\n      at renderWithHooks (node_modules/react-dom/cjs/react-dom.development.js:15486:18)\n      at updateForwardRef (node_modules/react-dom/cjs/react-dom.development.js:19245:20)\n      at beginWork (node_modules/react-dom/cjs/react-dom.development.js:21675:16)\n      at beginWork$1 (node_modules/react-dom/cjs/react-dom.development.js:27465:14)\n      at performUnitOfWork (node_modules/react-dom/cjs/react-dom.development.js:26599:12)\n      at workLoopSync (node_modules/react-dom/cjs/react-dom.development.js:26505:5)\n      at renderRootSync (node_modules/react-dom/cjs/react-dom.development.js:26473:7)\n      at recoverFromConcurrentError (node_modules/react-dom/cjs/react-dom.development.js:25889:20)\n      at performConcurrentWorkOnRoot (node_modules/react-dom/cjs/react-dom.development.js:25789:22)\n      at flushActQueue (node_modules/react/cjs/react.development.js:2667:24)\n      at act (node_modules/react/cjs/react.development.js:2582:11)\n      at node_modules/@testing-library/react/dist/act-compat.js:47:25\n      at renderRoot (node_modules/@testing-library/react/dist/pure.js:190:26)\n      at render (node_modules/@testing-library/react/dist/pure.js:292:10)\n      at Object.<anonymous> (src/__tests__/test_dashboards.test.jsx:9:11)\n\n  ● Dashboards › DashboardListener renders quick actions\n\n    TypeError: Cannot destructure property 'basename' of 'React__namespace.useContext(...)' as it is null.\n\n    \u001b[0m \u001b[90m 14 |\u001b[39m\n     \u001b[90m 15 |\u001b[39m   test(\u001b[32m'DashboardListener renders quick actions'\u001b[39m\u001b[33m,\u001b[39m () \u001b[33m=>\u001b[39m {\n    \u001b[31m\u001b[1m>\u001b[22m\u001b[39m\u001b[90m 16 |\u001b[39m     render(\u001b[33m<\u001b[39m\u001b[33mDashboardListener\u001b[39m \u001b[33m/\u001b[39m\u001b[33m>\u001b[39m)\u001b[33m;\u001b[39m\n     \u001b[90m    |\u001b[39m           \u001b[31m\u001b[1m^\u001b[22m\u001b[39m\n     \u001b[90m 17 |\u001b[39m     expect(screen\u001b[33m.\u001b[39mgetByText(\u001b[35m/listener dashboard/i\u001b[39m))\u001b[33m.\u001b[39mtoBeInTheDocument()\u001b[33m;\u001b[39m\n     \u001b[90m 18 |\u001b[39m     expect(screen\u001b[33m.\u001b[39mgetByText(\u001b[35m/quick actions/i\u001b[39m))\u001b[33m.\u001b[39mtoBeInTheDocument()\u001b[33m;\u001b[39m\n     \u001b[90m 19 |\u001b[39m     expect(screen\u001b[33m.\u001b[39mgetByText(\u001b[35m/training/i\u001b[39m))\u001b[33m.\u001b[39mtoBeInTheDocument()\u001b[33m;\u001b[39m\u001b[0m\n\n      at LinkWithRef (node_modules/react-router-dom/index.tsx:975:11)\n      at renderWithHooks (node_modules/react-dom/cjs/react-dom.development.js:15486:18)\n      at updateForwardRef (node_modules/react-dom/cjs/react-dom.development.js:19245:20)\n      at beginWork (node_modules/react-dom/cjs/react-dom.development.js:21675:16)\n      at beginWork$1 (node_modules/react-dom/cjs/react-dom.development.js:27465:14)\n      at performUnitOfWork (node_modules/react-dom/cjs/react-dom.development.js:26599:12)\n      at workLoopSync (node_modules/react-dom/cjs/react-dom.development.js:26505:5)\n      at renderRootSync (node_modules/react-dom/cjs/react-dom.development.js:26473:7)\n      at recoverFromConcurrentError (node_modules/react-dom/cjs/react-dom.development.js:25889:20)\n      at performConcurrentWorkOnRoot (node_modules/react-dom/cjs/react-dom.development.js:25789:22)\n      at flushActQueue (node_modules/react/cjs/react.development.js:2667:24)\n      at act (node_modules/react/cjs/react.development.js:2582:11)\n      at node_modules/@testing-library/react/dist/act-compat.js:47:25\n      at renderRoot (node_modules/@testing-library/react/dist/pure.js:190:26)\n      at render (node_modules/@testing-library/react/dist/pure.js:292:10)\n      at Object.<anonymous> (src/__tests__/test_dashboards.test.jsx:16:11)\n","name":"/home/kavia/workspace/code-generation/secure-support-marketplace-158356-158365/marketplace_frontend/src/__tests__/test_dashboards.test.jsx","startTime":1755117895896,"status":"failed","summary":""},{"assertionResults":[],"coverage":{},"endTime":1755117898335,"message":"  ● Test suite failed to run\n\n    ReferenceError: /home/kavia/workspace/code-generation/secure-support-marketplace-158356-158365/marketplace_frontend/src/__tests__/test_onboarding.test.jsx: The module factory of `jest.mock()` is not allowed to reference any out-of-scope variables.\n    Invalid variable access: setListenerRole\n    Allowed objects: AbortController, AbortSignal, AggregateError, Array, ArrayBuffer, Atomics, BigInt, BigInt64Array, BigUint64Array, Blob, Boolean, BroadcastChannel, Buffer, ByteLengthQueuingStrategy, CompressionStream, CountQueuingStrategy, DOMException, DataView, Date, DecompressionStream, Error, EvalError, Event, EventTarget, FinalizationRegistry, Float32Array, Float64Array, FormData, Function, Generator, GeneratorFunction, Headers, Infinity, Int16Array, Int32Array, Int8Array, InternalError, Intl, JSON, Map, Math, MessageChannel, MessageEvent, MessagePort, NaN, Number, Object, Performance, Promise, Proxy, RangeError, ReadableByteStreamController, ReadableStream, ReadableStreamBYOBReader, ReadableStreamBYOBRequest, ReadableStreamDefaultController, ReadableStreamDefaultReader, ReferenceError, Reflect, RegExp, Request, Response, Set, SharedArrayBuffer, String, Symbol, SyntaxError, TextDecoder, TextDecoderStream, TextEncoder, TextEncoderStream, TransformStream, TransformStreamDefaultController, TypeError, URIError, URL, URLSearchParams, Uint16Array, Uint32Array, Uint8Array, Uint8ClampedArray, WeakMap, WeakRef, WeakSet, WebAssembly, WritableStream, WritableStreamDefaultController, WritableStreamDefaultWriter, __dirname, __filename, arguments, atob, btoa, clearImmediate, clearInterval, clearTimeout, console, decodeURI, decodeURIComponent, encodeURI, encodeURIComponent, escape, eval, expect, exports, fetch, global, globalThis, isFinite, isNaN, jest, module, parseFloat, parseInt, performance, process, queueMicrotask, require, setImmediate, setInterval, setTimeout, structuredClone, undefined, unescape.\n    Note: This is a precaution to guard against uninitialized mock variables. If it is ensured that the mock is required lazily, variable names prefixed with `mock` (case insensitive) are permitted.\n\n    \u001b[0m \u001b[90m 14 |\u001b[39m     signOut\u001b[33m:\u001b[39m jest\u001b[33m.\u001b[39mfn()\u001b[33m,\u001b[39m\n     \u001b[90m 15 |\u001b[39m     markConsentSigned\u001b[33m:\u001b[39m jest\u001b[33m.\u001b[39mfn()\u001b[33m,\u001b[39m\n    \u001b[31m\u001b[1m>\u001b[22m\u001b[39m\u001b[90m 16 |\u001b[39m     setListenerRole\u001b[33m,\u001b[39m\n     \u001b[90m    |\u001b[39m     \u001b[31m\u001b[1m^\u001b[22m\u001b[39m\u001b[31m\u001b[1m^\u001b[22m\u001b[39m\u001b[31m\u001b[1m^\u001b[22m\u001b[39m\u001b[31m\u001b[1m^\u001b[22m\u001b[39m\u001b[31m\u001b[1m^\u001b[22m\u001b[39m\u001b[31m\u001b[1m^\u001b[22m\u001b[39m\u001b[31m\u001b[1m^\u001b[22m\u001b[39m\u001b[31m\u001b[1m^\u001b[22m\u001b[39m\u001b[31m\u001b[1m^\u001b[22m\u001b[39m\u001b[31m\u001b[1m^\u001b[22m\u001b[39m\u001b[31m\u001b[1m^\u001b[22m\u001b[39m\u001b[31m\u001b[1m^\u001b[22m\u001b[39m\u001b[31m\u001b[1m^\u001b[22m\u001b[39m\u001b[31m\u001b[1m^\u001b[22m\u001b[39m\u001b[31m\u001b[1m^\u001b[22m\u001b[39m\n     \u001b[90m 17 |\u001b[39m   })\u001b[33m,\u001b[39m\n     \u001b[90m 18 |\u001b[39m }))\u001b[33m;\u001b[39m\n     \u001b[90m 19 |\u001b[39m\u001b[0m\n\n      at File.buildError [as buildCodeFrameError] (node_modules/@babel/core/src/transformation/file/file.ts:247:12)\n      at NodePath.buildCodeFrameError (node_modules/@babel/traverse/src/path/index.ts:141:21)\n      at call (node_modules/@babel/traverse/src/visitors.ts:303:14)\n      at NodePath.call [as _call] (node_modules/@babel/traverse/src/path/context.ts:36:20)\n      at NodePath.call (node_modules/@babel/traverse/src/path/context.ts:21:18)\n      at NodePath.visit (node_modules/@babel/traverse/src/path/context.ts:97:31)\n      at TraversalContext.visitQueue (node_modules/@babel/traverse/src/context.ts:148:16)\n      at TraversalContext.visitMultiple (node_modules/@babel/traverse/src/context.ts:99:17)\n      at TraversalContext.visit (node_modules/@babel/traverse/src/context.ts:178:19)\n      at traverseNode (node_modules/@babel/traverse/src/traverse-node.ts:40:17)\n      at NodePath.visit (node_modules/@babel/traverse/src/path/context.ts:104:33)\n      at TraversalContext.visitQueue (node_modules/@babel/traverse/src/context.ts:148:16)\n      at TraversalContext.visitSingle (node_modules/@babel/traverse/src/context.ts:109:19)\n      at TraversalContext.visit (node_modules/@babel/traverse/src/context.ts:180:19)\n      at traverseNode (node_modules/@babel/traverse/src/traverse-node.ts:40:17)\n      at traverse (node_modules/@babel/traverse/src/index.ts:83:15)\n      at transformFile (node_modules/@babel/core/src/transformation/index.ts:119:15)\n          at transformFile.next (<anonymous>)\n      at run (node_modules/@babel/core/src/transformation/index.ts:49:12)\n          at run.next (<anonymous>)\n      at transform (node_modules/@babel/core/src/transform.ts:29:20)\n          at transform.next (<anonymous>)\n      at evaluateSync (node_modules/gensync/index.js:251:28)\n      at fn (node_modules/gensync/index.js:89:14)\n      at stopHiding - secret - don't use this - v1 (node_modules/@babel/core/src/errors/rewrite-stack-trace.ts:99:14)\n      at transformSync (node_modules/@babel/core/src/transform.ts:66:52)\n      at ScriptTransformer.transformSource (node_modules/@jest/transform/build/ScriptTransformer.js:619:31)\n      at ScriptTransformer._transformAndBuildScript (node_modules/@jest/transform/build/ScriptTransformer.js:765:40)\n      at ScriptTransformer.transform (node_modules/@jest/transform/build/ScriptTransformer.js:822:19)\n","name":"/home/kavia/workspace/code-generation/secure-support-marketplace-158356-158365/marketplace_frontend/src/__tests__/test_onboarding.test.jsx","startTime":1755117898335,"status":"failed","summary":""},{"assertionResults":[],"coverage":{},"endTime":1755117898335,"message":"  ● Test suite failed to run\n\n    ReferenceError: /home/kavia/workspace/code-generation/secure-support-marketplace-158356-158365/marketplace_frontend/src/__tests__/test_auth_callback.test.jsx: The module factory of `jest.mock()` is not allowed to reference any out-of-scope variables.\n    Invalid variable access: exchangeMock\n    Allowed objects: AbortController, AbortSignal, AggregateError, Array, ArrayBuffer, Atomics, BigInt, BigInt64Array, BigUint64Array, Blob, Boolean, BroadcastChannel, Buffer, ByteLengthQueuingStrategy, CompressionStream, CountQueuingStrategy, DOMException, DataView, Date, DecompressionStream, Error, EvalError, Event, EventTarget, FinalizationRegistry, Float32Array, Float64Array, FormData, Function, Generator, GeneratorFunction, Headers, Infinity, Int16Array, Int32Array, Int8Array, InternalError, Intl, JSON, Map, Math, MessageChannel, MessageEvent, MessagePort, NaN, Number, Object, Performance, Promise, Proxy, RangeError, ReadableByteStreamController, ReadableStream, ReadableStreamBYOBReader, ReadableStreamBYOBRequest, ReadableStreamDefaultController, ReadableStreamDefaultReader, ReferenceError, Reflect, RegExp, Request, Response, Set, SharedArrayBuffer, String, Symbol, SyntaxError, TextDecoder, TextDecoderStream, TextEncoder, TextEncoderStream, TransformStream, TransformStreamDefaultController, TypeError, URIError, URL, URLSearchParams, Uint16Array, Uint32Array, Uint8Array, Uint8ClampedArray, WeakMap, WeakRef, WeakSet, WebAssembly, WritableStream, WritableStreamDefaultController, WritableStreamDefaultWriter, __dirname, __filename, arguments, atob, btoa, clearImmediate, clearInterval, clearTimeout, console, decodeURI, decodeURIComponent, encodeURI, encodeURIComponent, escape, eval, expect, exports, fetch, global, globalThis, isFinite, isNaN, jest, module, parseFloat, parseInt, performance, process, queueMicrotask, require, setImmediate, setInterval, setTimeout, structuredClone, undefined, unescape.\n    Note: This is a precaution to guard against uninitialized mock variables. If it is ensured that the mock is required lazily, variable names prefixed with `mock` (case insensitive) are permitted.\n\n    \u001b[0m \u001b[90m 17 |\u001b[39m   supabase\u001b[33m:\u001b[39m {\n     \u001b[90m 18 |\u001b[39m     auth\u001b[33m:\u001b[39m {\n    \u001b[31m\u001b[1m>\u001b[22m\u001b[39m\u001b[90m 19 |\u001b[39m       exchangeCodeForSession\u001b[33m:\u001b[39m (\u001b[33m...\u001b[39margs) \u001b[33m=>\u001b[39m exchangeMock(\u001b[33m...\u001b[39margs)\u001b[33m,\u001b[39m\n     \u001b[90m    |\u001b[39m                                            \u001b[31m\u001b[1m^\u001b[22m\u001b[39m\u001b[31m\u001b[1m^\u001b[22m\u001b[39m\u001b[31m\u001b[1m^\u001b[22m\u001b[39m\u001b[31m\u001b[1m^\u001b[22m\u001b[39m\u001b[31m\u001b[1m^\u001b[22m\u001b[39m\u001b[31m\u001b[1m^\u001b[22m\u001b[39m\u001b[31m\u001b[1m^\u001b[22m\u001b[39m\u001b[31m\u001b[1m^\u001b[22m\u001b[39m\u001b[31m\u001b[1m^\u001b[22m\u001b[39m\u001b[31m\u001b[1m^\u001b[22m\u001b[39m\u001b[31m\u001b[1m^\u001b[22m\u001b[39m\u001b[31m\u001b[1m^\u001b[22m\u001b[39m\n     \u001b[90m 20 |\u001b[39m       getSessionFromUrl\u001b[33m:\u001b[39m (\u001b[33m...\u001b[39margs) \u001b[33m=>\u001b[39m getSessionFromUrlMock(\u001b[33m...\u001b[39margs)\u001b[33m,\u001b[39m\n     \u001b[90m 21 |\u001b[39m     }\u001b[33m,\u001b[39m\n     \u001b[90m 22 |\u001b[39m   }\u001b[33m,\u001b[39m\u001b[0m\n\n      at File.buildError [as buildCodeFrameError] (node_modules/@babel/core/src/transformation/file/file.ts:247:12)\n      at NodePath.buildCodeFrameError (node_modules/@babel/traverse/src/path/index.ts:141:21)\n      at call (node_modules/@babel/traverse/src/visitors.ts:303:14)\n      at NodePath.call [as _call] (node_modules/@babel/traverse/src/path/context.ts:36:20)\n      at NodePath.call (node_modules/@babel/traverse/src/path/context.ts:21:18)\n      at NodePath.visit (node_modules/@babel/traverse/src/path/context.ts:97:31)\n      at TraversalContext.visitQueue (node_modules/@babel/traverse/src/context.ts:148:16)\n      at TraversalContext.visitMultiple (node_modules/@babel/traverse/src/context.ts:99:17)\n      at TraversalContext.visit (node_modules/@babel/traverse/src/context.ts:178:19)\n      at traverseNode (node_modules/@babel/traverse/src/traverse-node.ts:40:17)\n      at NodePath.visit (node_modules/@babel/traverse/src/path/context.ts:104:33)\n      at TraversalContext.visitQueue (node_modules/@babel/traverse/src/context.ts:148:16)\n      at TraversalContext.visitSingle (node_modules/@babel/traverse/src/context.ts:109:19)\n      at TraversalContext.visit (node_modules/@babel/traverse/src/context.ts:180:19)\n      at traverseNode (node_modules/@babel/traverse/src/traverse-node.ts:40:17)\n      at traverse (node_modules/@babel/traverse/src/index.ts:83:15)\n      at transformFile (node_modules/@babel/core/src/transformation/index.ts:119:15)\n          at transformFile.next (<anonymous>)\n      at run (node_modules/@babel/core/src/transformation/index.ts:49:12)\n          at run.next (<anonymous>)\n      at transform (node_modules/@babel/core/src/transform.ts:29:20)\n          at transform.next (<anonymous>)\n      at evaluateSync (node_modules/gensync/index.js:251:28)\n      at fn (node_modules/gensync/index.js:89:14)\n      at stopHiding - secret - don't use this - v1 (node_modules/@babel/core/src/errors/rewrite-stack-trace.ts:99:14)\n      at transformSync (node_modules/@babel/core/src/transform.ts:66:52)\n      at ScriptTransformer.transformSource (node_modules/@jest/transform/build/ScriptTransformer.js:619:31)\n      at ScriptTransformer._transformAndBuildScript (node_modules/@jest/transform/build/ScriptTransformer.js:765:40)\n      at ScriptTransformer.transform (node_modules/@jest/transform/build/ScriptTransformer.js:822:19)\n","name":"/home/kavia/workspace/code-generation/secure-support-marketplace-158356-158365/marketplace_frontend/src/__tests__/test_auth_callback.test.jsx","startTime":1755117898335,"status":"failed","summary":""},{"assertionResults":[{"ancestorTitles":["Auth pages (Login & Signup)"],"failureMessages":[],"fullName":"Auth pages (Login & Signup) Login submits email/password via useAuth.signInWithEmail","location":null,"status":"passed","title":"Login submits email/password via useAuth.signInWithEmail"},{"ancestorTitles":["Auth pages (Login & Signup)"],"failureMessages":[],"fullName":"Auth pages (Login & Signup) Signup submits email/password via useAuth.signUpWithEmail","location":null,"status":"passed","title":"Signup submits email/password via useAuth.signUpWithEmail"}],"endTime":1755117897436,"message":"","name":"/home/kavia/workspace/code-generation/secure-support-marketplace-158356-158365/marketplace_frontend/src/__tests__/test_auth_pages.test.jsx","startTime":1755117895927,"status":"passed","summary":""},{"assertionResults":[{"ancestorTitles":["Booking flow"],"failureMessages":[],"fullName":"Booking flow selects time and confirms booking","location":null,"status":"passed","title":"selects time and confirms booking"}],"endTime":1755117897644,"message":"","name":"/home/kavia/workspace/code-generation/secure-support-marketplace-158356-158365/marketplace_frontend/src/__tests__/test_booking_flow.test.jsx","startTime":1755117895928,"status":"passed","summary":""},{"assertionResults":[{"ancestorTitles":[],"failureMessages":[],"fullName":"renders learn react link","location":null,"status":"passed","title":"renders learn react link"}],"endTime":1755117897699,"message":"","name":"/home/kavia/workspace/code-generation/secure-support-marketplace-158356-158365/marketplace_frontend/src/App.test.js","startTime":1755117895914,"status":"passed","summary":""},{"assertionResults":[{"ancestorTitles":["App consent and privacy overlays"],"failureMessages":[],"fullName":"App consent and privacy overlays shows PrivacyOverlay and ConsentModal, can dismiss both","location":null,"status":"passed","title":"shows PrivacyOverlay and ConsentModal, can dismiss both"}],"endTime":1755117897709,"message":"","name":"/home/kavia/workspace/code-generation/secure-support-marketplace-158356-158365/marketplace_frontend/src/__tests__/test_consent_and_privacy.test.jsx","startTime":1755117895856,"status":"passed","summary":""}],"wasInterrupted":false,"coverageMap":{"/home/kavia/workspace/code-generation/secure-support-marketplace-158356-158365/marketplace_frontend/src/utils/getURL.js":{"path":"/home/kavia/workspace/code-generation/secure-support-marketplace-158356-158365/marketplace_frontend/src/utils/getURL.js","statementMap":{"0":{"start":{"line":3,"column":4},"end":{"line":4,"column":86}},"1":{"start":{"line":7,"column":2},"end":{"line":9,"column":3}},"2":{"start":{"line":8,"column":4},"end":{"line":8,"column":27}},"3":{"start":{"line":12,"column":2},"end":{"line":14,"column":3}},"4":{"start":{"line":13,"column":4},"end":{"line":13,"column":20}},"5":{"start":{"line":16,"column":2},"end":{"line":16,"column":13}}},"fnMap":{"0":{"name":"getURL","decl":{"start":{"line":1,"column":16},"end":{"line":1,"column":22}},"loc":{"start":{"line":1,"column":25},"end":{"line":17,"column":1}},"line":1}},"branchMap":{"0":{"loc":{"start":{"line":3,"column":4},"end":{"line":4,"column":86}},"type":"binary-expr","locations":[{"start":{"line":3,"column":4},"end":{"line":3,"column":34}},{"start":{"line":4,"column":5},"end":{"line":4,"column":85}}],"line":3},"1":{"loc":{"start":{"line":4,"column":5},"end":{"line":4,"column":85}},"type":"cond-expr","locations":[{"start":{"line":4,"column":37},"end":{"line":4,"column":59}},{"start":{"line":4,"column":62},"end":{"line":4,"column":85}}],"line":4},"2":{"loc":{"start":{"line":7,"column":2},"end":{"line":9,"column":3}},"type":"if","locations":[{"start":{"line":7,"column":2},"end":{"line":9,"column":3}},{"start":{},"end":{}}],"line":7},"3":{"loc":{"start":{"line":7,"column":6},"end":{"line":7,"column":36}},"type":"binary-expr","locations":[{"start":{"line":7,"column":6},"end":{"line":7,"column":9}},{"start":{"line":7,"column":13},"end":{"line":7,"column":36}}],"line":7},"4":{"loc":{"start":{"line":12,"column":2},"end":{"line":14,"column":3}},"type":"if","locations":[{"start":{"line":12,"column":2},"end":{"line":14,"column":3}},{"start":{},"end":{}}],"line":12}},"s":{"0":1,"1":1,"2":1,"3":1,"4":1,"5":1},"f":{"0":1},"b":{"0":[1,0],"1":[0,0],"2":[1,0],"3":[1,1],"4":[1,0]},"_coverageSchema":"1a1c01bbd47fc00a2c39e90264f33305004495a9","hash":"3335621931c5e699f8b031b67cf917d03cf80a5b"},"/home/kavia/workspace/code-generation/secure-support-marketplace-158356-158365/marketplace_frontend/src/services/scheduling.js":{"path":"/home/kavia/workspace/code-generation/secure-support-marketplace-158356-158365/marketplace_frontend/src/services/scheduling.js","statementMap":{"0":{"start":{"line":6,"column":14},"end":{"line":6,"column":24}},"1":{"start":{"line":7,"column":16},"end":{"line":7,"column":94}},"2":{"start":{"line":8,"column":14},"end":{"line":8,"column":90}},"3":{"start":{"line":9,"column":16},"end":{"line":9,"column":18}},"4":{"start":{"line":10,"column":15},"end":{"line":10,"column":20}},"5":{"start":{"line":11,"column":2},"end":{"line":14,"column":3}},"6":{"start":{"line":12,"column":4},"end":{"line":12,"column":82}},"7":{"start":{"line":13,"column":4},"end":{"line":13,"column":42}},"8":{"start":{"line":15,"column":2},"end":{"line":15,"column":15}}},"fnMap":{"0":{"name":"generateTimeSlots","decl":{"start":{"line":4,"column":16},"end":{"line":4,"column":33}},"loc":{"start":{"line":4,"column":78},"end":{"line":16,"column":1}},"line":4}},"branchMap":{"0":{"loc":{"start":{"line":4,"column":34},"end":{"line":4,"column":47}},"type":"default-arg","locations":[{"start":{"line":4,"column":46},"end":{"line":4,"column":47}}],"line":4},"1":{"loc":{"start":{"line":4,"column":49},"end":{"line":4,"column":61}},"type":"default-arg","locations":[{"start":{"line":4,"column":59},"end":{"line":4,"column":61}}],"line":4},"2":{"loc":{"start":{"line":4,"column":63},"end":{"line":4,"column":76}},"type":"default-arg","locations":[{"start":{"line":4,"column":74},"end":{"line":4,"column":76}}],"line":4}},"s":{"0":2,"1":2,"2":2,"3":2,"4":2,"5":2,"6":28,"7":28,"8":2},"f":{"0":2},"b":{"0":[0],"1":[0],"2":[0]},"_coverageSchema":"1a1c01bbd47fc00a2c39e90264f33305004495a9","hash":"e9e055295e8f1ad38709c15fc76bf9d2dcd0e0be"},"/home/kavia/workspace/code-generation/secure-support-marketplace-158356-158365/marketplace_frontend/src/pages/payments/Payments.jsx":{"path":"/home/kavia/workspace/code-generation/secure-support-marketplace-158356-158365/marketplace_frontend/src/pages/payments/Payments.jsx","statementMap":{"0":{"start":{"line":6,"column":2},"end":{"line":12,"column":4}},"1":{"start":{"line":16,"column":24},"end":{"line":16,"column":35}},"2":{"start":{"line":18,"column":2},"end":{"line":29,"column":3}},"3":{"start":{"line":19,"column":4},"end":{"line":28,"column":6}},"4":{"start":{"line":31,"column":2},"end":{"line":38,"column":4}}},"fnMap":{"0":{"name":"CheckoutForm","decl":{"start":{"line":5,"column":9},"end":{"line":5,"column":21}},"loc":{"start":{"line":5,"column":24},"end":{"line":13,"column":1}},"line":5},"1":{"name":"Payments","decl":{"start":{"line":15,"column":24},"end":{"line":15,"column":32}},"loc":{"start":{"line":15,"column":35},"end":{"line":39,"column":1}},"line":15}},"branchMap":{"0":{"loc":{"start":{"line":18,"column":2},"end":{"line":29,"column":3}},"type":"if","locations":[{"start":{"line":18,"column":2},"end":{"line":29,"column":3}},{"start":{},"end":{}}],"line":18}},"s":{"0":0,"1":1,"2":1,"3":1,"4":0},"f":{"0":0,"1":1},"b":{"0":[1,0]},"_coverageSchema":"1a1c01bbd47fc00a2c39e90264f33305004495a9","hash":"c3f66232dc4ad4d1b65d9ef1f079c57541da0df9"},"/home/kavia/workspace/code-generation/secure-support-marketplace-158356-158365/marketplace_frontend/src/components/common/ProtectedRoute.jsx":{"path":"/home/kavia/workspace/code-generation/secure-support-marketplace-158356-158365/marketplace_frontend/src/components/common/ProtectedRoute.jsx","statementMap":{"0":{"start":{"line":11,"column":40},"end":{"line":11,"column":49}},"1":{"start":{"line":12,"column":19},"end":{"line":12,"column":32}},"2":{"start":{"line":14,"column":2},"end":{"line":16,"column":3}},"3":{"start":{"line":15,"column":4},"end":{"line":15,"column":79}},"4":{"start":{"line":18,"column":2},"end":{"line":20,"column":3}},"5":{"start":{"line":19,"column":4},"end":{"line":19,"column":71}},"6":{"start":{"line":22,"column":2},"end":{"line":24,"column":3}},"7":{"start":{"line":23,"column":4},"end":{"line":23,"column":48}},"8":{"start":{"line":26,"column":2},"end":{"line":26,"column":18}}},"fnMap":{"0":{"name":"ProtectedRoute","decl":{"start":{"line":6,"column":24},"end":{"line":6,"column":38}},"loc":{"start":{"line":6,"column":78},"end":{"line":27,"column":1}},"line":6}},"branchMap":{"0":{"loc":{"start":{"line":6,"column":51},"end":{"line":6,"column":74}},"type":"default-arg","locations":[{"start":{"line":6,"column":69},"end":{"line":6,"column":74}}],"line":6},"1":{"loc":{"start":{"line":14,"column":2},"end":{"line":16,"column":3}},"type":"if","locations":[{"start":{"line":14,"column":2},"end":{"line":16,"column":3}},{"start":{},"end":{}}],"line":14},"2":{"loc":{"start":{"line":18,"column":2},"end":{"line":20,"column":3}},"type":"if","locations":[{"start":{"line":18,"column":2},"end":{"line":20,"column":3}},{"start":{},"end":{}}],"line":18},"3":{"loc":{"start":{"line":22,"column":2},"end":{"line":24,"column":3}},"type":"if","locations":[{"start":{"line":22,"column":2},"end":{"line":24,"column":3}},{"start":{},"end":{}}],"line":22},"4":{"loc":{"start":{"line":22,"column":6},"end":{"line":22,"column":36}},"type":"binary-expr","locations":[{"start":{"line":22,"column":6},"end":{"line":22,"column":21}},{"start":{"line":22,"column":25},"end":{"line":22,"column":36}}],"line":22}},"s":{"0":4,"1":4,"2":4,"3":0,"4":4,"5":1,"6":3,"7":1,"8":2},"f":{"0":4},"b":{"0":[2],"1":[0,4],"2":[1,3],"3":[1,2],"4":[3,2]},"_coverageSchema":"1a1c01bbd47fc00a2c39e90264f33305004495a9","hash":"6ad497eb4843e2573453049cf5e6785c114a2757"},"/home/kavia/workspace/code-generation/secure-support-marketplace-158356-158365/marketplace_frontend/src/services/api.js":{"path":"/home/kavia/workspace/code-generation/secure-support-marketplace-158356-158365/marketplace_frontend/src/services/api.js","statementMap":{"0":{"start":{"line":5,"column":17},"end":{"line":5,"column":57}},"1":{"start":{"line":8,"column":14},"end":{"line":12,"column":4}},"2":{"start":{"line":13,"column":2},"end":{"line":16,"column":3}},"3":{"start":{"line":14,"column":17},"end":{"line":14,"column":49}},"4":{"start":{"line":14,"column":46},"end":{"line":14,"column":48}},"5":{"start":{"line":15,"column":4},"end":{"line":15,"column":68}},"6":{"start":{"line":17,"column":22},"end":{"line":17,"column":53}},"7":{"start":{"line":18,"column":2},"end":{"line":18,"column":81}},"8":{"start":{"line":18,"column":63},"end":{"line":18,"column":81}},"9":{"start":{"line":19,"column":2},"end":{"line":19,"column":20}},"10":{"start":{"line":25,"column":2},"end":{"line":31,"column":3}},"11":{"start":{"line":26,"column":4},"end":{"line":30,"column":6}},"12":{"start":{"line":32,"column":2},"end":{"line":32,"column":31}},"13":{"start":{"line":38,"column":2},"end":{"line":41,"column":3}},"14":{"start":{"line":39,"column":16},"end":{"line":39,"column":36}},"15":{"start":{"line":40,"column":4},"end":{"line":40,"column":40}},"16":{"start":{"line":40,"column":27},"end":{"line":40,"column":38}},"17":{"start":{"line":42,"column":2},"end":{"line":42,"column":37}},"18":{"start":{"line":48,"column":2},"end":{"line":52,"column":3}},"19":{"start":{"line":50,"column":6},"end":{"line":50,"column":57}},"20":{"start":{"line":51,"column":4},"end":{"line":51,"column":62}},"21":{"start":{"line":53,"column":2},"end":{"line":53,"column":81}},"22":{"start":{"line":59,"column":2},"end":{"line":63,"column":3}},"23":{"start":{"line":61,"column":6},"end":{"line":61,"column":57}},"24":{"start":{"line":62,"column":4},"end":{"line":62,"column":90}},"25":{"start":{"line":64,"column":2},"end":{"line":64,"column":103}}},"fnMap":{"0":{"name":"request","decl":{"start":{"line":7,"column":15},"end":{"line":7,"column":22}},"loc":{"start":{"line":7,"column":43},"end":{"line":20,"column":1}},"line":7},"1":{"name":"(anonymous_1)","decl":{"start":{"line":14,"column":40},"end":{"line":14,"column":41}},"loc":{"start":{"line":14,"column":46},"end":{"line":14,"column":48}},"line":14},"2":{"name":"getListeners","decl":{"start":{"line":23,"column":22},"end":{"line":23,"column":34}},"loc":{"start":{"line":23,"column":37},"end":{"line":33,"column":1}},"line":23},"3":{"name":"getListenerById","decl":{"start":{"line":36,"column":22},"end":{"line":36,"column":37}},"loc":{"start":{"line":36,"column":42},"end":{"line":43,"column":1}},"line":36},"4":{"name":"(anonymous_4)","decl":{"start":{"line":40,"column":20},"end":{"line":40,"column":21}},"loc":{"start":{"line":40,"column":27},"end":{"line":40,"column":38}},"line":40},"5":{"name":"createBooking","decl":{"start":{"line":46,"column":22},"end":{"line":46,"column":35}},"loc":{"start":{"line":46,"column":45},"end":{"line":54,"column":1}},"line":46},"6":{"name":"sendMessage","decl":{"start":{"line":57,"column":22},"end":{"line":57,"column":33}},"loc":{"start":{"line":57,"column":59},"end":{"line":65,"column":1}},"line":57}},"branchMap":{"0":{"loc":{"start":{"line":5,"column":17},"end":{"line":5,"column":57}},"type":"binary-expr","locations":[{"start":{"line":5,"column":17},"end":{"line":5,"column":51}},{"start":{"line":5,"column":55},"end":{"line":5,"column":57}}],"line":5},"1":{"loc":{"start":{"line":7,"column":29},"end":{"line":7,"column":41}},"type":"default-arg","locations":[{"start":{"line":7,"column":39},"end":{"line":7,"column":41}}],"line":7},"2":{"loc":{"start":{"line":9,"column":55},"end":{"line":9,"column":76}},"type":"binary-expr","locations":[{"start":{"line":9,"column":55},"end":{"line":9,"column":70}},{"start":{"line":9,"column":74},"end":{"line":9,"column":76}}],"line":9},"3":{"loc":{"start":{"line":13,"column":2},"end":{"line":16,"column":3}},"type":"if","locations":[{"start":{"line":13,"column":2},"end":{"line":16,"column":3}},{"start":{},"end":{}}],"line":13},"4":{"loc":{"start":{"line":15,"column":42},"end":{"line":15,"column":64}},"type":"binary-expr","locations":[{"start":{"line":15,"column":42},"end":{"line":15,"column":46}},{"start":{"line":15,"column":50},"end":{"line":15,"column":64}}],"line":15},"5":{"loc":{"start":{"line":18,"column":2},"end":{"line":18,"column":81}},"type":"if","locations":[{"start":{"line":18,"column":2},"end":{"line":18,"column":81}},{"start":{},"end":{}}],"line":18},"6":{"loc":{"start":{"line":18,"column":6},"end":{"line":18,"column":61}},"type":"binary-expr","locations":[{"start":{"line":18,"column":6},"end":{"line":18,"column":17}},{"start":{"line":18,"column":21},"end":{"line":18,"column":61}}],"line":18},"7":{"loc":{"start":{"line":25,"column":2},"end":{"line":31,"column":3}},"type":"if","locations":[{"start":{"line":25,"column":2},"end":{"line":31,"column":3}},{"start":{},"end":{}}],"line":25},"8":{"loc":{"start":{"line":38,"column":2},"end":{"line":41,"column":3}},"type":"if","locations":[{"start":{"line":38,"column":2},"end":{"line":41,"column":3}},{"start":{},"end":{}}],"line":38},"9":{"loc":{"start":{"line":48,"column":2},"end":{"line":52,"column":3}},"type":"if","locations":[{"start":{"line":48,"column":2},"end":{"line":52,"column":3}},{"start":{},"end":{}}],"line":48},"10":{"loc":{"start":{"line":50,"column":6},"end":{"line":50,"column":57}},"type":"binary-expr","locations":[{"start":{"line":50,"column":6},"end":{"line":50,"column":35}},{"start":{"line":50,"column":39},"end":{"line":50,"column":57}}],"line":50},"11":{"loc":{"start":{"line":59,"column":2},"end":{"line":63,"column":3}},"type":"if","locations":[{"start":{"line":59,"column":2},"end":{"line":63,"column":3}},{"start":{},"end":{}}],"line":59},"12":{"loc":{"start":{"line":61,"column":6},"end":{"line":61,"column":57}},"type":"binary-expr","locations":[{"start":{"line":61,"column":6},"end":{"line":61,"column":35}},{"start":{"line":61,"column":39},"end":{"line":61,"column":57}}],"line":61}},"s":{"0":4,"1":0,"2":0,"3":0,"4":0,"5":0,"6":0,"7":0,"8":0,"9":0,"10":3,"11":3,"12":0,"13":2,"14":2,"15":2,"16":2,"17":0,"18":1,"19":1,"20":1,"21":0,"22":0,"23":0,"24":0,"25":0},"f":{"0":0,"1":0,"2":3,"3":2,"4":2,"5":1,"6":0},"b":{"0":[4,4],"1":[0],"2":[0,0],"3":[0,0],"4":[0,0],"5":[0,0],"6":[0,0],"7":[3,0],"8":[2,0],"9":[1,0],"10":[1,1],"11":[0,0],"12":[0,0]},"_coverageSchema":"1a1c01bbd47fc00a2c39e90264f33305004495a9","hash":"52ab6874939b5a97bf83e412a91ce0fca27935de"},"/home/kavia/workspace/code-generation/secure-support-marketplace-158356-158365/marketplace_frontend/src/pages/marketplace/Marketplace.jsx":{"path":"/home/kavia/workspace/code-generation/secure-support-marketplace-158356-158365/marketplace_frontend/src/pages/marketplace/Marketplace.jsx","statementMap":{"0":{"start":{"line":6,"column":36},"end":{"line":6,"column":54}},"1":{"start":{"line":7,"column":20},"end":{"line":7,"column":38}},"2":{"start":{"line":9,"column":2},"end":{"line":11,"column":9}},"3":{"start":{"line":10,"column":4},"end":{"line":10,"column":69}},"4":{"start":{"line":10,"column":51},"end":{"line":10,"column":67}},"5":{"start":{"line":13,"column":19},"end":{"line":17,"column":4}},"6":{"start":{"line":14,"column":17},"end":{"line":14,"column":39}},"7":{"start":{"line":15,"column":4},"end":{"line":15,"column":27}},"8":{"start":{"line":15,"column":15},"end":{"line":15,"column":27}},"9":{"start":{"line":16,"column":4},"end":{"line":16,"column":109}},"10":{"start":{"line":16,"column":77},"end":{"line":16,"column":107}},"11":{"start":{"line":19,"column":2},"end":{"line":49,"column":4}},"12":{"start":{"line":23,"column":101},"end":{"line":23,"column":121}},"13":{"start":{"line":35,"column":10},"end":{"line":45,"column":16}}},"fnMap":{"0":{"name":"Marketplace","decl":{"start":{"line":5,"column":24},"end":{"line":5,"column":35}},"loc":{"start":{"line":5,"column":38},"end":{"line":50,"column":1}},"line":5},"1":{"name":"(anonymous_1)","decl":{"start":{"line":9,"column":18},"end":{"line":9,"column":19}},"loc":{"start":{"line":9,"column":24},"end":{"line":11,"column":3}},"line":9},"2":{"name":"(anonymous_2)","decl":{"start":{"line":10,"column":44},"end":{"line":10,"column":45}},"loc":{"start":{"line":10,"column":51},"end":{"line":10,"column":67}},"line":10},"3":{"name":"(anonymous_3)","decl":{"start":{"line":13,"column":36},"end":{"line":13,"column":37}},"loc":{"start":{"line":13,"column":43},"end":{"line":17,"column":3}},"line":13},"4":{"name":"(anonymous_4)","decl":{"start":{"line":16,"column":70},"end":{"line":16,"column":71}},"loc":{"start":{"line":16,"column":77},"end":{"line":16,"column":107}},"line":16},"5":{"name":"(anonymous_5)","decl":{"start":{"line":23,"column":94},"end":{"line":23,"column":95}},"loc":{"start":{"line":23,"column":101},"end":{"line":23,"column":121}},"line":23},"6":{"name":"(anonymous_6)","decl":{"start":{"line":34,"column":22},"end":{"line":34,"column":23}},"loc":{"start":{"line":35,"column":10},"end":{"line":45,"column":16}},"line":35}},"branchMap":{"0":{"loc":{"start":{"line":15,"column":4},"end":{"line":15,"column":27}},"type":"if","locations":[{"start":{"line":15,"column":4},"end":{"line":15,"column":27}},{"start":{},"end":{}}],"line":15},"1":{"loc":{"start":{"line":16,"column":11},"end":{"line":16,"column":108}},"type":"binary-expr","locations":[{"start":{"line":16,"column":11},"end":{"line":16,"column":46}},{"start":{"line":16,"column":50},"end":{"line":16,"column":108}}],"line":16},"2":{"loc":{"start":{"line":16,"column":51},"end":{"line":16,"column":63}},"type":"binary-expr","locations":[{"start":{"line":16,"column":51},"end":{"line":16,"column":57}},{"start":{"line":16,"column":61},"end":{"line":16,"column":63}}],"line":16},"3":{"loc":{"start":{"line":40,"column":66},"end":{"line":40,"column":78}},"type":"binary-expr","locations":[{"start":{"line":40,"column":66},"end":{"line":40,"column":72}},{"start":{"line":40,"column":76},"end":{"line":40,"column":78}}],"line":40}},"s":{"0":3,"1":3,"2":3,"3":1,"4":0,"5":3,"6":6,"7":6,"8":3,"9":3,"10":4,"11":3,"12":1,"13":4},"f":{"0":3,"1":1,"2":0,"3":6,"4":4,"5":1,"6":4},"b":{"0":[3,3],"1":[3,2],"2":[2,0],"3":[4,0]},"_coverageSchema":"1a1c01bbd47fc00a2c39e90264f33305004495a9","hash":"5d9aaf94b7b52236e9f18e55c3d6cf9ecbf417ed"},"/home/kavia/workspace/code-generation/secure-support-marketplace-158356-158365/marketplace_frontend/src/pages/marketplace/ListenerProfile.jsx":{"path":"/home/kavia/workspace/code-generation/secure-support-marketplace-158356-158365/marketplace_frontend/src/pages/marketplace/ListenerProfile.jsx","statementMap":{"0":{"start":{"line":6,"column":17},"end":{"line":6,"column":28}},"1":{"start":{"line":7,"column":19},"end":{"line":7,"column":32}},"2":{"start":{"line":8,"column":34},"end":{"line":8,"column":54}},"3":{"start":{"line":10,"column":2},"end":{"line":12,"column":11}},"4":{"start":{"line":11,"column":4},"end":{"line":11,"column":73}},"5":{"start":{"line":11,"column":55},"end":{"line":11,"column":71}},"6":{"start":{"line":14,"column":2},"end":{"line":14,"column":101}},"7":{"start":{"line":14,"column":17},"end":{"line":14,"column":101}},"8":{"start":{"line":16,"column":2},"end":{"line":28,"column":4}},"9":{"start":{"line":24,"column":49},"end":{"line":24,"column":84}}},"fnMap":{"0":{"name":"ListenerProfile","decl":{"start":{"line":5,"column":24},"end":{"line":5,"column":39}},"loc":{"start":{"line":5,"column":42},"end":{"line":29,"column":1}},"line":5},"1":{"name":"(anonymous_1)","decl":{"start":{"line":10,"column":18},"end":{"line":10,"column":19}},"loc":{"start":{"line":10,"column":24},"end":{"line":12,"column":3}},"line":10},"2":{"name":"(anonymous_2)","decl":{"start":{"line":11,"column":48},"end":{"line":11,"column":49}},"loc":{"start":{"line":11,"column":55},"end":{"line":11,"column":71}},"line":11},"3":{"name":"(anonymous_3)","decl":{"start":{"line":24,"column":43},"end":{"line":24,"column":44}},"loc":{"start":{"line":24,"column":49},"end":{"line":24,"column":84}},"line":24}},"branchMap":{"0":{"loc":{"start":{"line":14,"column":2},"end":{"line":14,"column":101}},"type":"if","locations":[{"start":{"line":14,"column":2},"end":{"line":14,"column":101}},{"start":{},"end":{}}],"line":14},"1":{"loc":{"start":{"line":20,"column":45},"end":{"line":20,"column":64}},"type":"binary-expr","locations":[{"start":{"line":20,"column":45},"end":{"line":20,"column":58}},{"start":{"line":20,"column":62},"end":{"line":20,"column":64}}],"line":20},"2":{"loc":{"start":{"line":21,"column":41},"end":{"line":21,"column":63}},"type":"binary-expr","locations":[{"start":{"line":21,"column":41},"end":{"line":21,"column":57}},{"start":{"line":21,"column":61},"end":{"line":21,"column":63}}],"line":21}},"s":{"0":2,"1":2,"2":2,"3":2,"4":1,"5":0,"6":2,"7":1,"8":1,"9":0},"f":{"0":2,"1":1,"2":0,"3":0},"b":{"0":[1,1],"1":[1,0],"2":[1,0]},"_coverageSchema":"1a1c01bbd47fc00a2c39e90264f33305004495a9","hash":"3947a91669f6a9d86131450c30f15d7019adac49"},"/home/kavia/workspace/code-generation/secure-support-marketplace-158356-158365/marketplace_frontend/src/pages/dashboards/DashboardUser.jsx":{"path":"/home/kavia/workspace/code-generation/secure-support-marketplace-158356-158365/marketplace_frontend/src/pages/dashboards/DashboardUser.jsx","statementMap":{"0":{"start":{"line":5,"column":2},"end":{"line":26,"column":4}}},"fnMap":{"0":{"name":"DashboardUser","decl":{"start":{"line":4,"column":24},"end":{"line":4,"column":37}},"loc":{"start":{"line":4,"column":40},"end":{"line":27,"column":1}},"line":4}},"branchMap":{},"s":{"0":3},"f":{"0":3},"b":{},"_coverageSchema":"1a1c01bbd47fc00a2c39e90264f33305004495a9","hash":"5b7d3a8c44daf53441674a862121db6a15a6606b"},"/home/kavia/workspace/code-generation/secure-support-marketplace-158356-158365/marketplace_frontend/src/pages/dashboards/DashboardListener.jsx":{"path":"/home/kavia/workspace/code-generation/secure-support-marketplace-158356-158365/marketplace_frontend/src/pages/dashboards/DashboardListener.jsx","statementMap":{"0":{"start":{"line":5,"column":2},"end":{"line":31,"column":4}}},"fnMap":{"0":{"name":"DashboardListener","decl":{"start":{"line":4,"column":24},"end":{"line":4,"column":41}},"loc":{"start":{"line":4,"column":44},"end":{"line":32,"column":1}},"line":4}},"branchMap":{},"s":{"0":3},"f":{"0":3},"b":{},"_coverageSchema":"1a1c01bbd47fc00a2c39e90264f33305004495a9","hash":"24c8fb0a7772e605ef6952598bd6e3fcb4f7db76"},"/home/kavia/workspace/code-generation/secure-support-marketplace-158356-158365/marketplace_frontend/src/pages/auth/Login.jsx":{"path":"/home/kavia/workspace/code-generation/secure-support-marketplace-158356-158365/marketplace_frontend/src/pages/auth/Login.jsx","statementMap":{"0":{"start":{"line":6,"column":30},"end":{"line":6,"column":39}},"1":{"start":{"line":7,"column":19},"end":{"line":7,"column":32}},"2":{"start":{"line":8,"column":19},"end":{"line":8,"column":32}},"3":{"start":{"line":9,"column":15},"end":{"line":9,"column":52}},"4":{"start":{"line":11,"column":28},"end":{"line":11,"column":46}},"5":{"start":{"line":12,"column":34},"end":{"line":12,"column":52}},"6":{"start":{"line":13,"column":26},"end":{"line":13,"column":47}},"7":{"start":{"line":14,"column":28},"end":{"line":14,"column":46}},"8":{"start":{"line":16,"column":19},"end":{"line":28,"column":3}},"9":{"start":{"line":17,"column":4},"end":{"line":17,"column":23}},"10":{"start":{"line":18,"column":4},"end":{"line":18,"column":17}},"11":{"start":{"line":19,"column":4},"end":{"line":19,"column":18}},"12":{"start":{"line":20,"column":4},"end":{"line":27,"column":5}},"13":{"start":{"line":21,"column":6},"end":{"line":21,"column":45}},"14":{"start":{"line":22,"column":6},"end":{"line":22,"column":40}},"15":{"start":{"line":24,"column":6},"end":{"line":24,"column":52}},"16":{"start":{"line":26,"column":6},"end":{"line":26,"column":21}},"17":{"start":{"line":30,"column":2},"end":{"line":50,"column":4}},"18":{"start":{"line":37,"column":79},"end":{"line":37,"column":103}},"19":{"start":{"line":41,"column":85},"end":{"line":41,"column":112}}},"fnMap":{"0":{"name":"Login","decl":{"start":{"line":5,"column":24},"end":{"line":5,"column":29}},"loc":{"start":{"line":5,"column":32},"end":{"line":51,"column":1}},"line":5},"1":{"name":"(anonymous_1)","decl":{"start":{"line":16,"column":19},"end":{"line":16,"column":20}},"loc":{"start":{"line":16,"column":32},"end":{"line":28,"column":3}},"line":16},"2":{"name":"(anonymous_2)","decl":{"start":{"line":37,"column":72},"end":{"line":37,"column":73}},"loc":{"start":{"line":37,"column":79},"end":{"line":37,"column":103}},"line":37},"3":{"name":"(anonymous_3)","decl":{"start":{"line":41,"column":78},"end":{"line":41,"column":79}},"loc":{"start":{"line":41,"column":85},"end":{"line":41,"column":112}},"line":41}},"branchMap":{"0":{"loc":{"start":{"line":9,"column":15},"end":{"line":9,"column":52}},"type":"binary-expr","locations":[{"start":{"line":9,"column":15},"end":{"line":9,"column":45}},{"start":{"line":9,"column":49},"end":{"line":9,"column":52}}],"line":9},"1":{"loc":{"start":{"line":24,"column":15},"end":{"line":24,"column":50}},"type":"binary-expr","locations":[{"start":{"line":24,"column":15},"end":{"line":24,"column":26}},{"start":{"line":24,"column":30},"end":{"line":24,"column":50}}],"line":24},"2":{"loc":{"start":{"line":43,"column":9},"end":{"line":43,"column":106}},"type":"binary-expr","locations":[{"start":{"line":43,"column":9},"end":{"line":43,"column":14}},{"start":{"line":43,"column":18},"end":{"line":43,"column":106}}],"line":43},"3":{"loc":{"start":{"line":44,"column":49},"end":{"line":44,"column":83}},"type":"cond-expr","locations":[{"start":{"line":44,"column":56},"end":{"line":44,"column":71}},{"start":{"line":44,"column":74},"end":{"line":44,"column":83}}],"line":44}},"s":{"0":5,"1":5,"2":5,"3":5,"4":5,"5":5,"6":5,"7":5,"8":5,"9":1,"10":1,"11":1,"12":1,"13":1,"14":1,"15":0,"16":1,"17":5,"18":1,"19":1},"f":{"0":5,"1":1,"2":1,"3":1},"b":{"0":[5,5],"1":[0,0],"2":[5,0],"3":[1,4]},"_coverageSchema":"1a1c01bbd47fc00a2c39e90264f33305004495a9","hash":"c98d638bca75bc3ab98fe7f29e085cc3fd214e95"},"/home/kavia/workspace/code-generation/secure-support-marketplace-158356-158365/marketplace_frontend/src/pages/auth/Signup.jsx":{"path":"/home/kavia/workspace/code-generation/secure-support-marketplace-158356-158365/marketplace_frontend/src/pages/auth/Signup.jsx","statementMap":{"0":{"start":{"line":6,"column":30},"end":{"line":6,"column":39}},"1":{"start":{"line":7,"column":28},"end":{"line":7,"column":46}},"2":{"start":{"line":8,"column":34},"end":{"line":8,"column":52}},"3":{"start":{"line":9,"column":26},"end":{"line":9,"column":47}},"4":{"start":{"line":10,"column":32},"end":{"line":10,"column":50}},"5":{"start":{"line":11,"column":28},"end":{"line":11,"column":46}},"6":{"start":{"line":13,"column":19},"end":{"line":25,"column":3}},"7":{"start":{"line":14,"column":4},"end":{"line":14,"column":23}},"8":{"start":{"line":15,"column":4},"end":{"line":15,"column":17}},"9":{"start":{"line":16,"column":4},"end":{"line":16,"column":18}},"10":{"start":{"line":17,"column":4},"end":{"line":24,"column":5}},"11":{"start":{"line":18,"column":6},"end":{"line":18,"column":45}},"12":{"start":{"line":19,"column":6},"end":{"line":19,"column":62}},"13":{"start":{"line":21,"column":6},"end":{"line":21,"column":52}},"14":{"start":{"line":23,"column":6},"end":{"line":23,"column":21}},"15":{"start":{"line":27,"column":2},"end":{"line":48,"column":4}},"16":{"start":{"line":34,"column":79},"end":{"line":34,"column":103}},"17":{"start":{"line":38,"column":85},"end":{"line":38,"column":112}}},"fnMap":{"0":{"name":"Signup","decl":{"start":{"line":5,"column":24},"end":{"line":5,"column":30}},"loc":{"start":{"line":5,"column":33},"end":{"line":49,"column":1}},"line":5},"1":{"name":"(anonymous_1)","decl":{"start":{"line":13,"column":19},"end":{"line":13,"column":20}},"loc":{"start":{"line":13,"column":32},"end":{"line":25,"column":3}},"line":13},"2":{"name":"(anonymous_2)","decl":{"start":{"line":34,"column":72},"end":{"line":34,"column":73}},"loc":{"start":{"line":34,"column":79},"end":{"line":34,"column":103}},"line":34},"3":{"name":"(anonymous_3)","decl":{"start":{"line":38,"column":78},"end":{"line":38,"column":79}},"loc":{"start":{"line":38,"column":85},"end":{"line":38,"column":112}},"line":38}},"branchMap":{"0":{"loc":{"start":{"line":21,"column":15},"end":{"line":21,"column":50}},"type":"binary-expr","locations":[{"start":{"line":21,"column":15},"end":{"line":21,"column":26}},{"start":{"line":21,"column":30},"end":{"line":21,"column":50}}],"line":21},"1":{"loc":{"start":{"line":40,"column":9},"end":{"line":40,"column":106}},"type":"binary-expr","locations":[{"start":{"line":40,"column":9},"end":{"line":40,"column":14}},{"start":{"line":40,"column":18},"end":{"line":40,"column":106}}],"line":40},"2":{"loc":{"start":{"line":41,"column":9},"end":{"line":41,"column":112}},"type":"binary-expr","locations":[{"start":{"line":41,"column":9},"end":{"line":41,"column":16}},{"start":{"line":41,"column":20},"end":{"line":41,"column":112}}],"line":41},"3":{"loc":{"start":{"line":42,"column":49},"end":{"line":42,"column":89}},"type":"cond-expr","locations":[{"start":{"line":42,"column":56},"end":{"line":42,"column":77}},{"start":{"line":42,"column":80},"end":{"line":42,"column":89}}],"line":42}},"s":{"0":5,"1":5,"2":5,"3":5,"4":5,"5":5,"6":5,"7":1,"8":1,"9":1,"10":1,"11":1,"12":1,"13":0,"14":1,"15":5,"16":1,"17":1},"f":{"0":5,"1":1,"2":1,"3":1},"b":{"0":[0,0],"1":[5,0],"2":[5,1],"3":[1,4]},"_coverageSchema":"1a1c01bbd47fc00a2c39e90264f33305004495a9","hash":"5a3bc311c3d8a3fe93abfeba9988e626e428bca7"},"/home/kavia/workspace/code-generation/secure-support-marketplace-158356-158365/marketplace_frontend/src/pages/booking/Booking.jsx":{"path":"/home/kavia/workspace/code-generation/secure-support-marketplace-158356-158365/marketplace_frontend/src/pages/booking/Booking.jsx","statementMap":{"0":{"start":{"line":7,"column":17},"end":{"line":7,"column":28}},"1":{"start":{"line":8,"column":34},"end":{"line":8,"column":54}},"2":{"start":{"line":9,"column":30},"end":{"line":9,"column":53}},"3":{"start":{"line":10,"column":26},"end":{"line":10,"column":44}},"4":{"start":{"line":11,"column":26},"end":{"line":11,"column":44}},"5":{"start":{"line":12,"column":26},"end":{"line":12,"column":47}},"6":{"start":{"line":13,"column":30},"end":{"line":13,"column":50}},"7":{"start":{"line":15,"column":2},"end":{"line":17,"column":11}},"8":{"start":{"line":16,"column":4},"end":{"line":16,"column":73}},"9":{"start":{"line":16,"column":55},"end":{"line":16,"column":71}},"10":{"start":{"line":19,"column":16},"end":{"line":19,"column":69}},"11":{"start":{"line":19,"column":36},"end":{"line":19,"column":64}},"12":{"start":{"line":20,"column":17},"end":{"line":31,"column":3}},"13":{"start":{"line":21,"column":4},"end":{"line":21,"column":23}},"14":{"start":{"line":22,"column":4},"end":{"line":22,"column":18}},"15":{"start":{"line":23,"column":4},"end":{"line":30,"column":5}},"16":{"start":{"line":24,"column":18},"end":{"line":24,"column":77}},"17":{"start":{"line":25,"column":6},"end":{"line":25,"column":21}},"18":{"start":{"line":27,"column":6},"end":{"line":27,"column":46}},"19":{"start":{"line":29,"column":6},"end":{"line":29,"column":21}},"20":{"start":{"line":33,"column":2},"end":{"line":33,"column":100}},"21":{"start":{"line":33,"column":17},"end":{"line":33,"column":100}},"22":{"start":{"line":35,"column":2},"end":{"line":70,"column":4}},"23":{"start":{"line":41,"column":68},"end":{"line":41,"column":93}},"24":{"start":{"line":50,"column":66},"end":{"line":50,"column":89}},"25":{"start":{"line":52,"column":30},"end":{"line":52,"column":86}},"26":{"start":{"line":57,"column":77},"end":{"line":57,"column":100}}},"fnMap":{"0":{"name":"Booking","decl":{"start":{"line":6,"column":24},"end":{"line":6,"column":31}},"loc":{"start":{"line":6,"column":34},"end":{"line":71,"column":1}},"line":6},"1":{"name":"(anonymous_1)","decl":{"start":{"line":15,"column":18},"end":{"line":15,"column":19}},"loc":{"start":{"line":15,"column":24},"end":{"line":17,"column":3}},"line":15},"2":{"name":"(anonymous_2)","decl":{"start":{"line":16,"column":48},"end":{"line":16,"column":49}},"loc":{"start":{"line":16,"column":55},"end":{"line":16,"column":71}},"line":16},"3":{"name":"(anonymous_3)","decl":{"start":{"line":19,"column":30},"end":{"line":19,"column":31}},"loc":{"start":{"line":19,"column":36},"end":{"line":19,"column":64}},"line":19},"4":{"name":"(anonymous_4)","decl":{"start":{"line":20,"column":17},"end":{"line":20,"column":18}},"loc":{"start":{"line":20,"column":30},"end":{"line":31,"column":3}},"line":20},"5":{"name":"(anonymous_5)","decl":{"start":{"line":41,"column":61},"end":{"line":41,"column":62}},"loc":{"start":{"line":41,"column":68},"end":{"line":41,"column":93}},"line":41},"6":{"name":"(anonymous_6)","decl":{"start":{"line":50,"column":59},"end":{"line":50,"column":60}},"loc":{"start":{"line":50,"column":66},"end":{"line":50,"column":89}},"line":50},"7":{"name":"(anonymous_7)","decl":{"start":{"line":52,"column":23},"end":{"line":52,"column":24}},"loc":{"start":{"line":52,"column":30},"end":{"line":52,"column":86}},"line":52},"8":{"name":"(anonymous_8)","decl":{"start":{"line":57,"column":70},"end":{"line":57,"column":71}},"loc":{"start":{"line":57,"column":77},"end":{"line":57,"column":100}},"line":57}},"branchMap":{"0":{"loc":{"start":{"line":27,"column":12},"end":{"line":27,"column":44}},"type":"binary-expr","locations":[{"start":{"line":27,"column":12},"end":{"line":27,"column":23}},{"start":{"line":27,"column":27},"end":{"line":27,"column":44}}],"line":27},"1":{"loc":{"start":{"line":33,"column":2},"end":{"line":33,"column":100}},"type":"if","locations":[{"start":{"line":33,"column":2},"end":{"line":33,"column":100}},{"start":{},"end":{}}],"line":33},"2":{"loc":{"start":{"line":59,"column":42},"end":{"line":59,"column":55}},"type":"binary-expr","locations":[{"start":{"line":59,"column":42},"end":{"line":59,"column":47}},{"start":{"line":59,"column":51},"end":{"line":59,"column":55}}],"line":59},"3":{"loc":{"start":{"line":59,"column":58},"end":{"line":59,"column":97}},"type":"cond-expr","locations":[{"start":{"line":59,"column":65},"end":{"line":59,"column":77}},{"start":{"line":59,"column":80},"end":{"line":59,"column":97}}],"line":59},"4":{"loc":{"start":{"line":62,"column":7},"end":{"line":68,"column":7}},"type":"binary-expr","locations":[{"start":{"line":62,"column":7},"end":{"line":62,"column":13}},{"start":{"line":63,"column":8},"end":{"line":67,"column":14}}],"line":62}},"s":{"0":6,"1":6,"2":6,"3":6,"4":6,"5":6,"6":6,"7":6,"8":1,"9":0,"10":6,"11":1,"12":6,"13":1,"14":1,"15":1,"16":1,"17":1,"18":0,"19":1,"20":6,"21":1,"22":5,"23":0,"24":1,"25":120,"26":1},"f":{"0":6,"1":1,"2":0,"3":1,"4":1,"5":0,"6":1,"7":120,"8":1},"b":{"0":[0,0],"1":[1,5],"2":[5,4],"3":[1,4],"4":[5,1]},"_coverageSchema":"1a1c01bbd47fc00a2c39e90264f33305004495a9","hash":"95beea3f90328d4986b3e4ca89accb775fbe3301"},"/home/kavia/workspace/code-generation/secure-support-marketplace-158356-158365/marketplace_frontend/src/hooks/useTheme.js":{"path":"/home/kavia/workspace/code-generation/secure-support-marketplace-158356-158365/marketplace_frontend/src/hooks/useTheme.js","statementMap":{"0":{"start":{"line":3,"column":18},"end":{"line":3,"column":25}},"1":{"start":{"line":8,"column":28},"end":{"line":13,"column":4}},"2":{"start":{"line":9,"column":19},"end":{"line":9,"column":50}},"3":{"start":{"line":10,"column":4},"end":{"line":10,"column":30}},"4":{"start":{"line":10,"column":16},"end":{"line":10,"column":30}},"5":{"start":{"line":11,"column":24},"end":{"line":11,"column":102}},"6":{"start":{"line":12,"column":4},"end":{"line":12,"column":42}},"7":{"start":{"line":15,"column":2},"end":{"line":18,"column":14}},"8":{"start":{"line":16,"column":4},"end":{"line":16,"column":63}},"9":{"start":{"line":17,"column":4},"end":{"line":17,"column":43}},"10":{"start":{"line":21,"column":22},"end":{"line":24,"column":8}},"11":{"start":{"line":23,"column":4},"end":{"line":23,"column":56}},"12":{"start":{"line":23,"column":21},"end":{"line":23,"column":53}},"13":{"start":{"line":26,"column":2},"end":{"line":26,"column":32}}},"fnMap":{"0":{"name":"useTheme","decl":{"start":{"line":6,"column":24},"end":{"line":6,"column":32}},"loc":{"start":{"line":6,"column":35},"end":{"line":27,"column":1}},"line":6},"1":{"name":"(anonymous_1)","decl":{"start":{"line":8,"column":43},"end":{"line":8,"column":44}},"loc":{"start":{"line":8,"column":49},"end":{"line":13,"column":3}},"line":8},"2":{"name":"(anonymous_2)","decl":{"start":{"line":15,"column":18},"end":{"line":15,"column":19}},"loc":{"start":{"line":15,"column":24},"end":{"line":18,"column":3}},"line":15},"3":{"name":"(anonymous_3)","decl":{"start":{"line":21,"column":40},"end":{"line":21,"column":41}},"loc":{"start":{"line":21,"column":46},"end":{"line":24,"column":3}},"line":21},"4":{"name":"(anonymous_4)","decl":{"start":{"line":23,"column":13},"end":{"line":23,"column":14}},"loc":{"start":{"line":23,"column":21},"end":{"line":23,"column":53}},"line":23}},"branchMap":{"0":{"loc":{"start":{"line":10,"column":4},"end":{"line":10,"column":30}},"type":"if","locations":[{"start":{"line":10,"column":4},"end":{"line":10,"column":30}},{"start":{},"end":{}}],"line":10},"1":{"loc":{"start":{"line":11,"column":24},"end":{"line":11,"column":102}},"type":"binary-expr","locations":[{"start":{"line":11,"column":24},"end":{"line":11,"column":41}},{"start":{"line":11,"column":45},"end":{"line":11,"column":102}}],"line":11},"2":{"loc":{"start":{"line":12,"column":11},"end":{"line":12,"column":41}},"type":"cond-expr","locations":[{"start":{"line":12,"column":25},"end":{"line":12,"column":31}},{"start":{"line":12,"column":34},"end":{"line":12,"column":41}}],"line":12},"3":{"loc":{"start":{"line":23,"column":21},"end":{"line":23,"column":53}},"type":"cond-expr","locations":[{"start":{"line":23,"column":37},"end":{"line":23,"column":43}},{"start":{"line":23,"column":46},"end":{"line":23,"column":53}}],"line":23}},"s":{"0":2,"1":5,"2":2,"3":2,"4":0,"5":2,"6":2,"7":5,"8":2,"9":2,"10":5,"11":0,"12":0,"13":5},"f":{"0":5,"1":2,"2":2,"3":0,"4":0},"b":{"0":[0,2],"1":[2,2],"2":[0,2],"3":[0,0]},"_coverageSchema":"1a1c01bbd47fc00a2c39e90264f33305004495a9","hash":"9a123a085ec05634f30c36b1ce50c728456dfc31"},"/home/kavia/workspace/code-generation/secure-support-marketplace-158356-158365/marketplace_frontend/src/components/common/Navbar.jsx":{"path":"/home/kavia/workspace/code-generation/secure-support-marketplace-158356-158365/marketplace_frontend/src/components/common/Navbar.jsx","statementMap":{"0":{"start":{"line":7,"column":33},"end":{"line":7,"column":43}},"1":{"start":{"line":8,"column":2},"end":{"line":12,"column":4}},"2":{"start":{"line":18,"column":40},"end":{"line":18,"column":49}},"3":{"start":{"line":19,"column":19},"end":{"line":19,"column":32}},"4":{"start":{"line":21,"column":23},"end":{"line":24,"column":3}},"5":{"start":{"line":22,"column":4},"end":{"line":22,"column":20}},"6":{"start":{"line":23,"column":4},"end":{"line":23,"column":18}},"7":{"start":{"line":26,"column":2},"end":{"line":46,"column":4}}},"fnMap":{"0":{"name":"ThemeToggle","decl":{"start":{"line":6,"column":9},"end":{"line":6,"column":20}},"loc":{"start":{"line":6,"column":23},"end":{"line":13,"column":1}},"line":6},"1":{"name":"Navbar","decl":{"start":{"line":16,"column":24},"end":{"line":16,"column":30}},"loc":{"start":{"line":16,"column":33},"end":{"line":47,"column":1}},"line":16},"2":{"name":"(anonymous_2)","decl":{"start":{"line":21,"column":23},"end":{"line":21,"column":24}},"loc":{"start":{"line":21,"column":35},"end":{"line":24,"column":3}},"line":21}},"branchMap":{"0":{"loc":{"start":{"line":10,"column":7},"end":{"line":10,"column":49}},"type":"cond-expr","locations":[{"start":{"line":10,"column":27},"end":{"line":10,"column":36}},{"start":{"line":10,"column":39},"end":{"line":10,"column":49}}],"line":10},"1":{"loc":{"start":{"line":36,"column":11},"end":{"
[...]
":{"line":36,"column":73},"end":{"line":36,"column":75}}],"line":36},"2":{"loc":{"start":{"line":38,"column":65},"end":{"line":38,"column":101}},"type":"cond-expr","locations":[{"start":{"line":38,"column":83},"end":{"line":38,"column":88}},{"start":{"line":38,"column":91},"end":{"line":38,"column":101}}],"line":38}},"s":{"0":0,"1":0,"2":0,"3":0,"4":0,"5":0,"6":0,"7":0,"8":0,"9":0,"10":0,"11":0,"12":0,"13":0,"14":0,"15":0,"16":0,"17":0,"18":0,"19":0,"20":0,"21":0,"22":0},"f":{"0":0,"1":0,"2":0,"3":0,"4":0,"5":0,"6":0,"7":0,"8":0,"9":0},"b":{"0":[0,0],"1":[0,0],"2":[0,0]},"_coverageSchema":"1a1c01bbd47fc00a2c39e90264f33305004495a9","hash":"74a82233e1020f976dbfecdaf32596d881efda46"},"/home/kavia/workspace/code-generation/secure-support-marketplace-158356-158365/marketplace_frontend/src/pages/onboarding/OnboardingApply.jsx":{"path":"/home/kavia/workspace/code-generation/secure-support-marketplace-158356-158365/marketplace_frontend/src/pages/onboarding/OnboardingApply.jsx","statementMap":{"0":{"start":{"line":5,"column":30},"end":{"line":5,"column":39}},"1":{"start":{"line":6,"column":36},"end":{"line":6,"column":57}},"2":{"start":{"line":8,"column":19},"end":{"line":15,"column":3}},"3":{"start":{"line":9,"column":4},"end":{"line":9,"column":23}},"4":{"start":{"line":10,"column":4},"end":{"line":10,"column":23}},"5":{"start":{"line":11,"column":4},"end":{"line":14,"column":12}},"6":{"start":{"line":12,"column":6},"end":{"line":12,"column":28}},"7":{"start":{"line":13,"column":6},"end":{"line":13,"column":67}},"8":{"start":{"line":17,"column":2},"end":{"line":31,"column":4}}},"fnMap":{"0":{"name":"OnboardingApply","decl":{"start":{"line":4,"column":24},"end":{"line":4,"column":39}},"loc":{"start":{"line":4,"column":42},"end":{"line":32,"column":1}},"line":4},"1":{"name":"(anonymous_1)","decl":{"start":{"line":8,"column":19},"end":{"line":8,"column":20}},"loc":{"start":{"line":8,"column":26},"end":{"line":15,"column":3}},"line":8},"2":{"name":"(anonymous_2)","decl":{"start":{"line":11,"column":15},"end":{"line":11,"column":16}},"loc":{"start":{"line":11,"column":21},"end":{"line":14,"column":5}},"line":11}},"branchMap":{"0":{"loc":{"start":{"line":20,"column":7},"end":{"line":29,"column":7}},"type":"cond-expr","locations":[{"start":{"line":21,"column":8},"end":{"line":26,"column":15}},{"start":{"line":28,"column":8},"end":{"line":28,"column":91}}],"line":20}},"s":{"0":0,"1":0,"2":0,"3":0,"4":0,"5":0,"6":0,"7":0,"8":0},"f":{"0":0,"1":0,"2":0},"b":{"0":[0,0]},"_coverageSchema":"1a1c01bbd47fc00a2c39e90264f33305004495a9","hash":"15d7660236cfb872834017cb44046cbd4cbdfe1a"},"/home/kavia/workspace/code-generation/secure-support-marketplace-158356-158365/marketplace_frontend/src/pages/onboarding/OnboardingTraining.jsx":{"path":"/home/kavia/workspace/code-generation/secure-support-marketplace-158356-158365/marketplace_frontend/src/pages/onboarding/OnboardingTraining.jsx","statementMap":{"0":{"start":{"line":3,"column":16},"end":{"line":8,"column":1}},"1":{"start":{"line":11,"column":36},"end":{"line":13,"column":4}},"2":{"start":{"line":12,"column":4},"end":{"line":12,"column":93}},"3":{"start":{"line":12,"column":10},"end":{"line":12,"column":70}},"4":{"start":{"line":12,"column":81},"end":{"line":12,"column":91}},"5":{"start":{"line":15,"column":17},"end":{"line":21,"column":3}},"6":{"start":{"line":16,"column":4},"end":{"line":20,"column":7}},"7":{"start":{"line":17,"column":19},"end":{"line":17,"column":47}},"8":{"start":{"line":18,"column":6},"end":{"line":18,"column":61}},"9":{"start":{"line":19,"column":6},"end":{"line":19,"column":18}},"10":{"start":{"line":23,"column":18},"end":{"line":23,"column":55}},"11":{"start":{"line":23,"column":39},"end":{"line":23,"column":54}},"12":{"start":{"line":25,"column":2},"end":{"line":40,"column":4}},"13":{"start":{"line":30,"column":10},"end":{"line":33,"column":18}},"14":{"start":{"line":31,"column":79},"end":{"line":31,"column":91}}},"fnMap":{"0":{"name":"OnboardingTraining","decl":{"start":{"line":10,"column":24},"end":{"line":10,"column":42}},"loc":{"start":{"line":10,"column":45},"end":{"line":41,"column":1}},"line":10},"1":{"name":"(anonymous_1)","decl":{"start":{"line":11,"column":51},"end":{"line":11,"column":52}},"loc":{"start":{"line":11,"column":57},"end":{"line":13,"column":3}},"line":11},"2":{"name":"(anonymous_2)","decl":{"start":{"line":15,"column":17},"end":{"line":15,"column":18}},"loc":{"start":{"line":15,"column":25},"end":{"line":21,"column":3}},"line":15},"3":{"name":"(anonymous_3)","decl":{"start":{"line":16,"column":17},"end":{"line":16,"column":18}},"loc":{"start":{"line":16,"column":27},"end":{"line":20,"column":5}},"line":16},"4":{"name":"(anonymous_4)","decl":{"start":{"line":23,"column":32},"end":{"line":23,"column":33}},"loc":{"start":{"line":23,"column":39},"end":{"line":23,"column":54}},"line":23},"5":{"name":"(anonymous_5)","decl":{"start":{"line":29,"column":21},"end":{"line":29,"column":22}},"loc":{"start":{"line":30,"column":10},"end":{"line":33,"column":18}},"line":30},"6":{"name":"(anonymous_6)","decl":{"start":{"line":31,"column":73},"end":{"line":31,"column":74}},"loc":{"start":{"line":31,"column":79},"end":{"line":31,"column":91}},"line":31}},"branchMap":{"0":{"loc":{"start":{"line":12,"column":28},"end":{"line":12,"column":68}},"type":"binary-expr","locations":[{"start":{"line":12,"column":28},"end":{"line":12,"column":60}},{"start":{"line":12,"column":64},"end":{"line":12,"column":68}}],"line":12},"1":{"loc":{"start":{"line":37,"column":53},"end":{"line":37,"column":98}},"type":"cond-expr","locations":[{"start":{"line":37,"column":63},"end":{"line":37,"column":73}},{"start":{"line":37,"column":76},"end":{"line":37,"column":98}}],"line":37}},"s":{"0":2,"1":0,"2":0,"3":0,"4":0,"5":0,"6":0,"7":0,"8":0,"9":0,"10":0,"11":0,"12":0,"13":0,"14":0},"f":{"0":0,"1":0,"2":0,"3":0,"4":0,"5":0,"6":0},"b":{"0":[0,0],"1":[0,0]},"_coverageSchema":"1a1c01bbd47fc00a2c39e90264f33305004495a9","hash":"4dda5d220e2698f88e388b8ee4f878d33f4a5fc8"},"/home/kavia/workspace/code-generation/secure-support-marketplace-158356-158365/marketplace_frontend/src/services/stripe.js":{"path":"/home/kavia/workspace/code-generation/secure-support-marketplace-158356-158365/marketplace_frontend/src/services/stripe.js","statementMap":{"0":{"start":{"line":10,"column":2},"end":{"line":10,"column":52}},"1":{"start":{"line":10,"column":40},"end":{"line":10,"column":52}},"2":{"start":{"line":11,"column":2},"end":{"line":11,"column":82}},"3":{"start":{"line":11,"column":22},"end":{"line":11,"column":82}},"4":{"start":{"line":12,"column":2},"end":{"line":12,"column":23}}},"fnMap":{"0":{"name":"getStripe","decl":{"start":{"line":5,"column":16},"end":{"line":5,"column":25}},"loc":{"start":{"line":5,"column":28},"end":{"line":13,"column":1}},"line":5}},"branchMap":{"0":{"loc":{"start":{"line":10,"column":2},"end":{"line":10,"column":52}},"type":"if","locations":[{"start":{"line":10,"column":2},"end":{"line":10,"column":52}},{"start":{},"end":{}}],"line":10},"1":{"loc":{"start":{"line":11,"column":2},"end":{"line":11,"column":82}},"type":"if","locations":[{"start":{"line":11,"column":2},"end":{"line":11,"column":82}},{"start":{},"end":{}}],"line":11}},"s":{"0":0,"1":0,"2":0,"3":0,"4":0},"f":{"0":0},"b":{"0":[0,0],"1":[0,0]},"_coverageSchema":"1a1c01bbd47fc00a2c39e90264f33305004495a9","hash":"108902135d424256e6b95c304085660c2eb427ce"},"/home/kavia/workspace/code-generation/secure-support-marketplace-158356-158365/marketplace_frontend/src/pages/NotFound.jsx":{"path":"/home/kavia/workspace/code-generation/secure-support-marketplace-158356-158365/marketplace_frontend/src/pages/NotFound.jsx","statementMap":{"0":{"start":{"line":5,"column":2},"end":{"line":11,"column":4}}},"fnMap":{"0":{"name":"NotFound","decl":{"start":{"line":4,"column":24},"end":{"line":4,"column":32}},"loc":{"start":{"line":4,"column":35},"end":{"line":12,"column":1}},"line":4}},"branchMap":{},"s":{"0":0},"f":{"0":0},"b":{},"_coverageSchema":"1a1c01bbd47fc00a2c39e90264f33305004495a9","hash":"b6645dcdfa28e5140e525addda1945d3ac071db9"},"/home/kavia/workspace/code-generation/secure-support-marketplace-158356-158365/marketplace_frontend/src/App.js":{"path":"/home/kavia/workspace/code-generation/secure-support-marketplace-158356-158365/marketplace_frontend/src/App.js","statementMap":{"0":{"start":{"line":36,"column":28},"end":{"line":36,"column":37}},"1":{"start":{"line":37,"column":40},"end":{"line":37,"column":61}},"2":{"start":{"line":39,"column":2},"end":{"line":42,"column":9}},"3":{"start":{"line":40,"column":21},"end":{"line":40,"column":71}},"4":{"start":{"line":41,"column":4},"end":{"line":41,"column":40}},"5":{"start":{"line":41,"column":19},"end":{"line":41,"column":40}},"6":{"start":{"line":44,"column":27},"end":{"line":47,"column":3}},"7":{"start":{"line":45,"column":4},"end":{"line":45,"column":52}},"8":{"start":{"line":46,"column":4},"end":{"line":46,"column":26}},"9":{"start":{"line":49,"column":2},"end":{"line":98,"column":4}}},"fnMap":{"0":{"name":"App","decl":{"start":{"line":34,"column":9},"end":{"line":34,"column":12}},"loc":{"start":{"line":34,"column":15},"end":{"line":99,"column":1}},"line":34},"1":{"name":"(anonymous_1)","decl":{"start":{"line":39,"column":18},"end":{"line":39,"column":19}},"loc":{"start":{"line":39,"column":24},"end":{"line":42,"column":3}},"line":39},"2":{"name":"(anonymous_2)","decl":{"start":{"line":44,"column":27},"end":{"line":44,"column":28}},"loc":{"start":{"line":44,"column":33},"end":{"line":47,"column":3}},"line":44}},"branchMap":{"0":{"loc":{"start":{"line":41,"column":4},"end":{"line":41,"column":40}},"type":"if","locations":[{"start":{"line":41,"column":4},"end":{"line":41,"column":40}},{"start":{},"end":{}}],"line":41},"1":{"loc":{"start":{"line":53,"column":9},"end":{"line":55,"column":9}},"type":"binary-expr","locations":[{"start":{"line":53,"column":9},"end":{"line":53,"column":23}},{"start":{"line":54,"column":10},"end":{"line":54,"column":26}}],"line":53},"2":{"loc":{"start":{"line":56,"column":9},"end":{"line":58,"column":9}},"type":"binary-expr","locations":[{"start":{"line":56,"column":9},"end":{"line":56,"column":20}},{"start":{"line":57,"column":10},"end":{"line":57,"column":57}}],"line":56}},"s":{"0":5,"1":5,"2":5,"3":2,"4":2,"5":2,"6":5,"7":1,"8":1,"9":5},"f":{"0":5,"1":2,"2":1},"b":{"0":[2,0],"1":[5,3],"2":[5,2]},"_coverageSchema":"1a1c01bbd47fc00a2c39e90264f33305004495a9","hash":"e5b14e64f54397a2d7de59f7591adb19c208047f"},"/home/kavia/workspace/code-generation/secure-support-marketplace-158356-158365/marketplace_frontend/src/index.js":{"path":"/home/kavia/workspace/code-generation/secure-support-marketplace-158356-158365/marketplace_frontend/src/index.js","statementMap":{"0":{"start":{"line":8,"column":13},"end":{"line":8,"column":65}},"1":{"start":{"line":9,"column":0},"end":{"line":17,"column":2}}},"fnMap":{},"branchMap":{},"s":{"0":0,"1":0},"f":{},"b":{}},"/home/kavia/workspace/code-generation/secure-support-marketplace-158356-158365/marketplace_frontend/src/context/AuthContext.jsx":{"path":"/home/kavia/workspace/code-generation/secure-support-marketplace-158356-158365/marketplace_frontend/src/context/AuthContext.jsx","statementMap":{"0":{"start":{"line":5,"column":20},"end":{"line":5,"column":39}},"1":{"start":{"line":13,"column":32},"end":{"line":13,"column":46}},"2":{"start":{"line":14,"column":26},"end":{"line":14,"column":40}},"3":{"start":{"line":15,"column":32},"end":{"line":15,"column":46}},"4":{"start":{"line":16,"column":38},"end":{"line":16,"column":53}},"5":{"start":{"line":17,"column":44},"end":{"line":17,"column":102}},"6":{"start":{"line":19,"column":2},"end":{"line":37,"column":9}},"7":{"start":{"line":20,"column":18},"end":{"line":20,"column":22}},"8":{"start":{"line":21,"column":4},"end":{"line":26,"column":7}},"9":{"start":{"line":22,"column":6},"end":{"line":22,"column":27}},"10":{"start":{"line":22,"column":20},"end":{"line":22,"column":27}},"11":{"start":{"line":23,"column":6},"end":{"line":23,"column":39}},"12":{"start":{"line":24,"column":6},"end":{"line":24,"column":42}},"13":{"start":{"line":25,"column":6},"end":{"line":25,"column":24}},"14":{"start":{"line":28,"column":26},"end":{"line":31,"column":6}},"15":{"start":{"line":29,"column":6},"end":{"line":29,"column":27}},"16":{"start":{"line":30,"column":6},"end":{"line":30,"column":38}},"17":{"start":{"line":33,"column":4},"end":{"line":36,"column":6}},"18":{"start":{"line":34,"column":6},"end":{"line":34,"column":22}},"19":{"start":{"line":35,"column":6},"end":{"line":35,"column":37}},"20":{"start":{"line":39,"column":2},"end":{"line":47,"column":13}},"21":{"start":{"line":40,"column":4},"end":{"line":43,"column":5}},"22":{"start":{"line":41,"column":6},"end":{"line":41,"column":27}},"23":{"start":{"line":42,"column":6},"end":{"line":42,"column":13}},"24":{"start":{"line":45,"column":17},"end":{"line":45,"column":66}},"25":{"start":{"line":46,"column":4},"end":{"line":46,"column":39}},"26":{"start":{"line":49,"column":16},"end":{"line":99,"column":58}},"27":{"start":{"line":49,"column":31},"end":{"line":99,"column":3}},"28":{"start":{"line":58,"column":30},"end":{"line":58,"column":89}},"29":{"start":{"line":59,"column":6},"end":{"line":59,"column":29}},"30":{"start":{"line":59,"column":17},"end":{"line":59,"column":29}},"31":{"start":{"line":60,"column":6},"end":{"line":60,"column":31}},"32":{"start":{"line":61,"column":6},"end":{"line":61,"column":25}},"33":{"start":{"line":62,"column":6},"end":{"line":62,"column":18}},"34":{"start":{"line":70,"column":30},"end":{"line":76,"column":8}},"35":{"start":{"line":77,"column":6},"end":{"line":77,"column":29}},"36":{"start":{"line":77,"column":17},"end":{"line":77,"column":29}},"37":{"start":{"line":78,"column":6},"end":{"line":78,"column":18}},"38":{"start":{"line":83,"column":6},"end":{"line":83,"column":36}},"39":{"start":{"line":84,"column":6},"end":{"line":84,"column":23}},"40":{"start":{"line":85,"column":6},"end":{"line":85,"column":20}},"41":{"start":{"line":90,"column":6},"end":{"line":90,"column":52}},"42":{"start":{"line":91,"column":6},"end":{"line":91,"column":29}},"43":{"start":{"line":96,"column":6},"end":{"line":96,"column":84}},"44":{"start":{"line":96,"column":16},"end":{"line":96,"column":84}},"45":{"start":{"line":97,"column":6},"end":{"line":97,"column":35}},"46":{"start":{"line":101,"column":2},"end":{"line":101,"column":79}},"47":{"start":{"line":107,"column":14},"end":{"line":107,"column":37}},"48":{"start":{"line":108,"column":2},"end":{"line":108,"column":72}},"49":{"start":{"line":108,"column":12},"end":{"line":108,"column":72}},"50":{"start":{"line":109,"column":2},"end":{"line":109,"column":13}}},"fnMap":{"0":{"name":"AuthProvider","decl":{"start":{"line":8,"column":16},"end":{"line":8,"column":28}},"loc":{"start":{"line":8,"column":43},"end":{"line":102,"column":1}},"line":8},"1":{"name":"(anonymous_1)","decl":{"start":{"line":19,"column":12},"end":{"line":19,"column":13}},"loc":{"start":{"line":19,"column":18},"end":{"line":37,"column":3}},"line":19},"2":{"name":"(anonymous_2)","decl":{"start":{"line":21,"column":36},"end":{"line":21,"column":37}},"loc":{"start":{"line":21,"column":50},"end":{"line":26,"column":5}},"line":21},"3":{"name":"(anonymous_3)","decl":{"start":{"line":28,"column":58},"end":{"line":28,"column":59}},"loc":{"start":{"line":28,"column":80},"end":{"line":31,"column":5}},"line":28},"4":{"name":"(anonymous_4)","decl":{"start":{"line":33,"column":11},"end":{"line":33,"column":12}},"loc":{"start":{"line":33,"column":17},"end":{"line":36,"column":5}},"line":33},"5":{"name":"(anonymous_5)","decl":{"start":{"line":39,"column":12},"end":{"line":39,"column":13}},"loc":{"start":{"line":39,"column":18},"end":{"line":47,"column":3}},"line":39},"6":{"name":"(anonymous_6)","decl":{"start":{"line":49,"column":24},"end":{"line":49,"column":25}},"loc":{"start":{"line":49,"column":31},"end":{"line":99,"column":3}},"line":49},"7":{"name":"(anonymous_7)","decl":{"start":{"line":56,"column":4},"end":{"line":56,"column":5}},"loc":{"start":{"line":56,"column":43},"end":{"line":63,"column":5}},"line":56},"8":{"name":"(anonymous_8)","decl":{"start":{"line":65,"column":4},"end":{"line":65,"column":5}},"loc":{"start":{"line":65,"column":43},"end":{"line":79,"column":5}},"line":65},"9":{"name":"(anonymous_9)","decl":{"start":{"line":81,"column":4},"end":{"line":81,"column":5}},"loc":{"start":{"line":81,"column":20},"end":{"line":86,"column":5}},"line":81},"10":{"name":"(anonymous_10)","decl":{"start":{"line":88,"column":4},"end":{"line":88,"column":5}},"loc":{"start":{"line":88,"column":24},"end":{"line":92,"column":5}},"line":88},"11":{"name":"(anonymous_11)","decl":{"start":{"line":94,"column":4},"end":{"line":94,"column":5}},"loc":{"start":{"line":94,"column":26},"end":{"line":98,"column":5}},"line":94},"12":{"name":"useAuth","decl":{"start":{"line":105,"column":16},"end":{"line":105,"column":23}},"loc":{"start":{"line":105,"column":26},"end":{"line":110,"column":1}},"line":105}},"branchMap":{"0":{"loc":{"start":{"line":22,"column":6},"end":{"line":22,"column":27}},"type":"if","locations":[{"start":{"line":22,"column":6},"end":{"line":22,"column":27}},{"start":{},"end":{}}],"line":22},"1":{"loc":{"start":{"line":23,"column":17},"end":{"line":23,"column":37}},"type":"binary-expr","locations":[{"start":{"line":23,"column":17},"end":{"line":23,"column":29}},{"start":{"line":23,"column":33},"end":{"line":23,"column":37}}],"line":23},"2":{"loc":{"start":{"line":24,"column":14},"end":{"line":24,"column":40}},"type":"binary-expr","locations":[{"start":{"line":24,"column":14},"end":{"line":24,"column":32}},{"start":{"line":24,"column":36},"end":{"line":24,"column":40}}],"line":24},"3":{"loc":{"start":{"line":30,"column":14},"end":{"line":30,"column":36}},"type":"binary-expr","locations":[{"start":{"line":30,"column":14},"end":{"line":30,"column":28}},{"start":{"line":30,"column":32},"end":{"line":30,"column":36}}],"line":30},"4":{"loc":{"start":{"line":40,"column":4},"end":{"line":43,"column":5}},"type":"if","locations":[{"start":{"line":40,"column":4},"end":{"line":43,"column":5}},{"start":{},"end":{}}],"line":40},"5":{"loc":{"start":{"line":45,"column":17},"end":{"line":45,"column":66}},"type":"binary-expr","locations":[{"start":{"line":45,"column":17},"end":{"line":45,"column":56}},{"start":{"line":45,"column":60},"end":{"line":45,"column":66}}],"line":45},"6":{"loc":{"start":{"line":59,"column":6},"end":{"line":59,"column":29}},"type":"if","locations":[{"start":{"line":59,"column":6},"end":{"line":59,"column":29}},{"start":{},"end":{}}],"line":59},"7":{"loc":{"start":{"line":77,"column":6},"end":{"line":77,"column":29}},"type":"if","locations":[{"start":{"line":77,"column":6},"end":{"line":77,"column":29}},{"start":{},"end":{}}],"line":77},"8":{"loc":{"start":{"line":96,"column":6},"end":{"line":96,"column":84}},"type":"if","locations":[{"start":{"line":96,"column":6},"end":{"line":96,"column":84}},{"start":{},"end":{}}],"line":96},"9":{"loc":{"start":{"line":96,"column":56},"end":{"line":96,"column":82}},"type":"cond-expr","locations":[{"start":{"line":96,"column":63},"end":{"line":96,"column":73}},{"start":{"line":96,"column":76},"end":{"line":96,"column":82}}],"line":96},"10":{"loc":{"start":{"line":108,"column":2},"end":{"line":108,"column":72}},"type":"if","locations":[{"start":{"line":108,"column":2},"end":{"line":108,"column":72}},{"start":{},"end":{}}],"line":108}},"s":{"0":0,"1":0,"2":0,"3":0,"4":0,"5":0,"6":0,"7":0,"8":0,"9":0,"10":0,"11":0,"12":0,"13":0,"14":0,"15":0,"16":0,"17":0,"18":0,"19":0,"20":0,"21":0,"22":0,"23":0,"24":0,"25":0,"26":0,"27":0,"28":0,"29":0,"30":0,"31":0,"32":0,"33":0,"34":0,"35":0,"36":0,"37":0,"38":0,"39":0,"40":0,"41":0,"42":0,"43":0,"44":0,"45":0,"46":0,"47":0,"48":0,"49":0,"50":0},"f":{"0":0,"1":0,"2":0,"3":0,"4":0,"5":0,"6":0,"7":0,"8":0,"9":0,"10":0,"11":0,"12":0},"b":{"0":[0,0],"1":[0,0],"2":[0,0],"3":[0,0],"4":[0,0],"5":[0,0],"6":[0,0],"7":[0,0],"8":[0,0],"9":[0,0],"10":[0,0]}}}}